434
1 4035 1105 3964 3184 5767 3395 6187 9709 7085 5887 8418 1071 9733 2554 3575 4670 9829 7396 1997 4517 2526 4070 4752 4834 2190 2239 7072 454 2578 9646 2177 5258 455 5030 5698 7138 3164 9276 6863 5813 2867 6101 4679 7055 9842 7120
2 9139 4311 450 4079 9615 2146 7012 6336 1227 5553 4658 1176 2123 4622 8290 6815 1209 8947 9931 3699 5462 552 1940 7396 9173 6576 700 2745 7965 9964 8265 3454 8177 4393
3 6613 6134 6082 6178 6608 5821 6899 2673 569 937 5902 7929 3827 7688 2589 2607 8105 4402 5462 5981 6469 5756 176 8503 3937 7099 6786 8618 1248 2732 8780 1528 3596 7123 896 1619 1051 6880 987 9436 8614 4468 4241 1628 9443 3304 850 9244
4 5848 7795 2322 732 574 3528 2260 3207 5397 4787 2028 475 1305 3184 5948 8450 7434 4354 9598 4348 454 9023 7542 5239 6962 9451 880 8507 1345 7350 3254 2805 7720 9025 1939 8139 2293 8591 1090 9296 9740 3586 199 450 5099 5064 6613 1668 5962 5715
5 5748 6327 8711 9301 2422 7517 6369 5643 2345 1079 5038 7481 6487 4343 683 6387 7234 8233 8188 5005 3184 930 1791 9144 6588 1850 4705 9580 9325 8893 5112 4628 4684 8245 4720 9216 4984 6174 159 1935 7791 6155 4462 1272
6 7413 199 3584 374 369 8332 3304 3079 2670 1339 6650 3795 4941 9219 5448 3383 4104 9089 9027 3916 1026 6503 8267 5758 8723 3610 7526 2038 8938 5294 3547 8710 5594 8348 8329 8031 9582 601 5747 4527 457
7 6613 1774 399 9903 2615 9043 3106 4027 1042 7087 300 8907 2856 6351 5661 9598 1877 4043 1273 3932 5061 8693 5292 8386 4602 7972 7473 8822 6354 7138 9668 4778 4261 3672 2390 714 7710 5248 321 5880
8 321 399 2346 3885 300 2491 2304 477 1083 1058 6073 9607 6251 9031 7542 4385 7698 1305 872 9004 8874 3061 9540 9712 554 6496 3219 9804 6445 7791 8716 2958 487 6434 2552 488 6087 7276 3557 6140 3935 7517 2240
9 183 9453 569 6470 7055 9848 6306 1670 4027 753 991 6020 2595 1071 9723 1137 9709 2274 4959 683 1852 9428 7426 7392 2175 3053 7598 1665 1839 3434 3819 6502 2583 8060 2598 336 8883 2256 2764 2988 4731 4033 9746 9755 9758 7762
10 259 8293 7285 7864 6258 6170 3792 6712 2437 2870 2704 6390 9731 7289 7105 3395 3079 7379 2670 1560 2856 6922 7167 9940 9607 2060 3504 9551 7426 6269 3240 3453 3714 6729 8900 3672 6451 4970 1734 1940 3172 5082 4401 2266 7247 4546 6883 7233 5023 8562 220 7438 4855
13 183 1383 8484 9075 776 2158 4606 6675 9464 1498 5492 545 550 560 5698 2147 9735 9806 8306 9407 3220 7163 250 9540 2489 1531 8712 949 8450 5798 5795 81 1793 8754 9652 2828 9412 8622 5504 6537 8125
14 2340 4314 7713 6020 5752 6980 1348 4923 476 1611 6492 5359 3343 1831 949 2910 5895 6621 9347 8836 9777 3673 5668 7202 6301 7950 1963 4497 2485 3575 4984 7752 4606 9010 8508 7183 462 9583 4444 9367 4669 7889 3670 4893 7699 3543 9930 5458 3877
15 2240 2013 8830 1625 6281 4457 208 457 730 7790 2732 6771 6351 1800 6467 3343 75 5993 6785 2910 8986 3942 8392 1939 5406 6099 5224 5503 7598 9689 9591 4658 8991 2653 1439 1533 1040 1156 9124 9464 5654 7069 6196 1710 3982 1668 8812 447
16 8671 5029 2058 46 511 6424 6621 1391 541 2875 9931 5245 108 3665 6698 1246 8814 6588 3675 993 759 2383 9989 8251 5655 1572 3203 8183 8220 2156 7396 9803 6311 494 7647 6226 895 7673 8077 1241 6693 4719 8055 3074 9453
17 7806 1079 4071 8183 46 2439 3561 1043 3160 7367 9260 3395 4418 2732 5132 1607 7706 8210 7151 7077 1846 6770 2232 802 3567 1396 1918 7868 5726 1800 3244 9476 8106 7095 9247 4946 1606 6381 1666 1644 583
18 2892 4958 3783 116 2666 7 2346 367 6161 1572 7355 7545 1139 7641 9955 9898 6625 1242 5365 4108 6060 5251 1077 4401 3236 4203 1770 2489 912 8256 1900 9602 6581 6313 7261 6666 8218 362 895 9211 6516 7681 1079 3936
19 1134 4385 6067 7320 3304 1246 3380 8908 5400 7653 2897 5492 3434 1642 8589 7210 6920 6332 2403 2038 933 2244 5676 6525 8858 8863 7012 8514 3114 7419 8893 8927 4171 5180 5166 5909 8905 7057 2555 1979 447 6538 7429 4340 2962 5340
20 2704 8512 6170 4909 1110 6802 7429 1358 3261 3789 8300 3505 7842 4437 4739 8524 8900 4616 5910 6189 4804 3128 8593 9109 7351 6305 5651 3666 8989 1405 7856 4966 6576 7786 8677 5088 5300 3585 6635
21 4909 183 8470 7791 476 6216 7029 1986 5193 3119 6251 4912 8169 2074 9988 2407 1329 30 2085 2554 365 7598 9917 8135 517 1401 2603 1366 8990 742 8179 6931 8363 5894 6752 137 8605 3174 5443 5326 2112 3797 1774 3023 1105 925 9013 5341
23 7296 8431 4679 9453 7285 6470 5458 8104 450 311 2155 518 850 9023 1139 523 8858 1164 6592 4780 468 7048 2806 8054 8681 2873 3493 981 6808 3509 3675 5710 8452 5188 210 4455 4972 716 758 2463 8816 5887 3541 7736 6584
24 6327 4176 4352 1534 6482 1328 5014 6134 6945 9086 76 454 7474 4717 3597 2735 7997 5149 1658 8131 3708 9735 6551 8168 9961 8770 5777 7085 7423 3552 1077 2972 3814 1085 7183 4320 227 1330 3642 5440 8295 5072 7120 7413 4311
25 7120 6467 9453 574 5860 6390 5917 8375 2183 8210 3751 9003 3801 6588 8256 307 1719 1175 7956 2736 5901 8686 2598 2189 5304 1336 9831 7063 8371 528 7772 9704 456 1428 4731 6123 2911 9465 4501 6855 9244
26 4679 5064 1524 9107 4619 6978 7206 8145 2569 3703 683 9281 7426 6139 5038 1658 7569 2690 5448 3454 7670 3486 6639 7749 5846 1356 3095 1619 3021 8604 437 4946 2318 3199 7604 7304 6915 3575 5962 3602 8663
27 7296 6778 8495 1739 7929 6687 1139 295 3533 254 8756 6631 8982 4107 2876 3117 2895 7333 2161 5794 7525 1341 7036 1025 5580 2072 9764 3356 343 6048 7526 9236 2319 4633 1457 3831 9522 2607 7652 5437 569 5219 8431
28 5412 8043 1125 4679 4045 2732 133 9004 9806 4294 5742 7210 4356 130 7180 6962 7438 7604 2982 5948 2123 8690 977 1841 9496 9036 663 8133 9330 6851 1917 9709 5755 7496 3154 4047 873 9164 8919 9615 9244 9968
29 8387 3830 3376 9615 5053 1121 4341 3885 8848 2537 2577 912 7355 3243 1898 9555 4104 5500 4269 9027 7606 5639 6869 1154 2342 8698 1281 225 61 3575 3050 6153 7323 6750 141 9290 4092 3756 1505 5379 9969 2782 9780 6073 79 9968 6938
30 2 5962 1353 7320 6161 3073 6584 7987 5063 1900 511 6945 2439 4011 5543 9043 9036 8195 4423 1137 9428 8908 5668 5925 6139 4913 2292 9548 3064 6511 8583 6785 6701 585 9120 6352 9407 9666 9040 8726 3942 8135 6359 2794 5348 3362 365 5855 5391 5821 4901 1496
31 5677 1353 2904 1091 4269 4539 4801 5849 2212 4385 2349 8008 5992 4308 438 8831 8028 4431 4965 8614 2030 219 2343 18 1876 3961 6352 895 7457 3545 8331 8450 2855 9982 3172 8585 3976 4361 4842 2555 9834 6538
32 8406 6049 3877 8528 2569 3981 5095 5572 3533 3750 8609 2513 5523 3707 247 528 3801 7185 7178 8985 4346 8831 1920 9428 7606 4264 2753 2396 501 4037 7276 6592 6343 2247 6952 3923 1380 8990 5097 2533 4912 2240
33 9199 7736 7713 9301 8495 3106 4311 4362 5507 2760 155 3074 7751 443 4647 177 8145 6014 1025 133 8233 7105 4021 3240 7641 9144 9351 6737 5964 3926 7077 3567 3213 4415 1762 3666 3723 7012 9635 3882 8185 3991 463 3149 1041 1793 9921 1281 2600 5899
34 9199 935 412 5643 4531 9197 2538 7950 7454 3795 5413 9659 8982 5607 3865 6734 8931 5434 8986 3048 2653 279 1878 8392 6391 2817 8733 3821 4606 3987 5234 9162 3515 3747 3153 7060 2101 5335 1323 2673 79
35 9139 6141 7864 6672 3261 6161 4786 6487 4912 3703 4558 7742 5286 552 5849 1752 1963 7392 9478 8836 8503 6153 3748 2307 7151 2198 9907 329 355 9623 5192 8140 9593 8605 2274 2125 5897 9637 1050 8081 2120 966 989 5062 3232 2962 6584 7759 7088 9301
36 8125 1383 8487 3089 9713 2322 3144 6778 8062 7044 6895 8227 5248 7057 552 6817 9551 3022 1164 9795 2424 4156 3728 842 56 2458 9255 8698 3820 1220 264 6398 5247 1452 7209 6503 517 9878 5096 6990 1226 935 9968 4035 2790 9160 4377
37 569 8406 7413 2666 925 1524 3103 8212 2611 4442 6920 7474 9032 88 1343 3158 6899 1986 5019 5286 1375 4843 7932 1761 2693 5677 8135 3545 188 2038 6768 5846 8078 8340 8345 2653 8807 7057 5219 1790 8571 4299 6359 7899 8798 5280 2189 2954 5505 2071 7728 8134 4901
38 6692 5326 6635 8227 3184 1657 2182 8145 2735 9215 8022 2970 8210 9775 2740 5801 8220 2679 2100 7314 9137 910 858 1510 4670 332 732 56 714 3178 7637 4797 7796 6834 3159 9706 1788 9476 6336 2264 5053 6101
39 1774 6021 1134 6547 1956 1625 8145 4011 7026 9979 3320 8566 2383 1791 2074 8775 7039 5543 1242 7861 1750 7618 3935 5502 9398 3226 8831 2403 4803 5704 4071 3049 1889 8686 3798 5459 3863 6999 6262 111 3238 6786 6190 7396 511 2240
40 5322 1238 9990 3758 3184 5758 8696 8269 7553 8307 5548 2176 2676 2857 6400 3926 8218 2938 7039 9261 7038 7755 5704 3539 5389 6946 9806 2791 3174 2072 9206 3199 441 9605 159 6370 9027 3603 3745 8994
42 7296 5880 7001 8284 4967 90 9758 7210 3707 2409 4222 3704 7206 2057 9654 9735 6336 6739 7610 2598 2019 7521 7336 3603 3383 3545 5368 6354 9969 5534 9692 7350 5651 771 6034 2750 6526 7698 3936 9013
43 9848 6258 7709 1105 3163 6467 4765 2892 3050 2413 4091 7055 2058 3249 5149 2064 6829 6970 1139 6671 6001 650 1358 7072 8428 1638 1583 9605 5704 5519 2088 6412 232 1800 5471 4342 6838 3425 1075 4432 7463 5843 402 3160 4855 2121 4314
44 7713 2114 4457 3728 574 1091 5902 3528 5193 6428 2407 6360 4129 8512 5783 3961 56 5710 6024 7419 7833 9014 7525 1081 5172 6588 4356 3821 4970 1295 3425 22 7038 2016 7939 5054 7331 5581 5185 5833 4541 6547 1625
45 2 2155 1353 745 5099 2422 1710 475 4341 9510 3232 5149 5492 246 6630 4134 2003 2897 3801 2753 7136 5996 5286 1209 7904 8854 1247 8770 4815 126 4277 443 9789 2781 5478 2426 783 977 5223 9598 2038 7826 220 5962 8125 7949
46 7296 3885 1625 3371 3521 847 3543 3914 3023 1058 5251 1546 1091 4091 6369 2739 9993 3089 7749 7200 8880 9598 8986 6967 7167 6071 6701 8294 8358 239 8531 5247 4150 4070 8106 9367 5088 5783 9515 3909 9182 1259 8360 8319 9740 6492
47 7880 1476 6545 7669 1552 7049 3379 8539 9107 6292 9713 9219 3047 2349 7410 6829 3752 9132 937 1081 6696 8344 9775 4280 1209 7037 5912 8702 2393 9139 336 8388 9803 190 5408 4033 9581 1943 3352 8920
48 9453 8910 9443 5752 7568 9970 1546 3504 5413 901 6528 5038 3528 358 1641 6188 4739 1066 2125 1929 6305 2613 9259 9852 538 4596 3684 6928 2544 8062 5465 7889 8684 6323 1471 1218 3557 413 5122 4021 6534 7652 2630
49 2240 4314 6134 8832 9731 9219 7413 8498 4317 523 3533 7210 2074 8174 8958 8600 5359 4423 3146 9733 4907 3047 6453 425 7599 2972 2085 4965 3230 1680 5003 4842 2382 3576 3240 2165 3005 6739 9027 1141 7637 8154 3044 5150 3100 6925 5896
50 6101 259 148 8910 9023 5860 4134 7333 4108 5014 2475 8599 5656 6347 3023 155 4230 3597 2693 5758 329 9004 376 5239 643 1728 4893 5245 9633 372 2464 5645 1731 8135 7179 7670 267 1948 6551 6254 6137 8342 3056 3637 3007 5459 9775 2744 6608 4199 1343 9199 8812 199 4985
51 7438 753 135 8722 4967 7267 420 1752 8728 1560 6028 7950 2345 8539 468 4069 8566 7845 9609 9697 6503 3950 2404 9795 1878 2486 3141 8352 3101 4333 3044 1929 5105 4847 3839 3159 2711 3909 874 6223 1773 2692 860 6938
52 2962 9244 4855 139 935 1145 2345 295 3380 246 7101 7896 6772 1798 6477 2938 564 3268 1464 7972 8185 7961 9167 613 6123 2234 463 6532 3795 4528 5651 880 8961 4896 9349 9600
53 3023 8491 7055 4501 3842 2611 6447 7542 208 3229 7742 6428 3869 9807 3013 6057 7405 1562 3670 8719 2147 3843 1295 7802 6752 2729 4669 1246 6487 2574 6622 3307 7069 32 8622 5523 3877 6938 7699 447 7517 6635 6778 6020 1979
54 5064 8212 9990 1647 1149 3316 4286 8140 4326 3801 3950 6610 7199 9898 774 4359 718 1750 2239 7135 4739 3463 6863 1223 6359 6338 3405 2598 3465 2732 4627 354 564 9325 4514 6861 6750 3552 4198 6797 3210 8068 3023 1546 625 935
55 1134 4824 9023 8284 4045 5006 7147 867 2670 8907 5643 7610 2978 8068 1761 1174 2150 2321 5838 5254 4684 8268 949 9398 7912 770 1680 6311 5747 8552 1719 1020 5895 9248 8784 9236 6961 1971 5443 697 1839 5802 4402
56 6534 3023 6672 6161 625 9086 1079 8284 5862 6280 2569 2019 1510 8233 1942 3354 865 1223 3047 1153 7304 9463 5434 7786 7050 2512 3363 6359 1721 2653 9003 774 6320 730 9965 1798 7647 4361 6999 3134 6050 5433 7163 5632 6282 5053 4199 9533
57 8994 3894 6101 9013 5507 3074 8528 9649 6351 8235 75 6875 5909 7895 6608 1711 4418 783 2052 7213 8686 1628 6469 3305 9843 2392 5143 2938 3049 3352 5857 756 7521 8605 2692 5172 1874 5901 8503 2146 6311 7802 6673 863 2773
58 4035 412 7902 6482 7791 6538 776 5821 9178 6608 5090 8169 4843 9555 2679 3723 2491 130 7706 9586 7569 7481 3312 6115 8985 3720 1273 2954 8017 1296 6676 349 513 3897 9921 8885 8628 1142 5492 5295 9385 4053 6627 9713 7221 935 4377
59 3012 4035 443 8512 5053 4317 5483 5156 1611 2577 6913 6630 2735 5406 5609 1366 3374 6770 3989 1020 6844 1476 5434 1523 9498 1227 1132 1500 8840 4741 6230 3345 9825 1323 5755 5737 3113 2 2340
60 1145 8470 4527 135 9607 5869 9836 4988 4345 3932 8887 4660 7088 4616 5253 58 5758 4951 9089 6748 1465 3356 3561 9943 4586 564 9385 4294 5247 668 6478 2486 1373 2143 9734 7665 7989 6758 7026
61 3894 4199 6547 4340 9013 5386 4967 9023 2304 369 6280 8092 1328 5583 5572 5993 6292 518 5193 6692 4401 6170 673 3507 1570 5339 730 9428 6139 802 6001 7997 9712 8290 3666 7012 8503 6503 7842 2966 3408 4497 8605 3747 9433 3269 7881 1205 5391 5668 5097 412 1429
62 2240 4035 427 9008 116 6797 369 9931 1858 2019 7790 7392 4787 6499 9463 5175 1246 8150 9273 7185 5746 6060 1345 8503 425 5547 7772 8044 5857 8900 7509 1227 1933 7101 965 7260 4095 6130 6685 7306 5253 356 2892
63 7880 4728 9842 5341 7001 2322 3784 6021 7267 6920 5193 9645 2651 1495 7454 5065 2711 9216 9332 6197 2298 5894 5884 8887 8789 5257 6495 7670 1917 4342 6281 3579 8881 4025 9395 820 1339 9129 79 3074
64 4035 6827 8134 4176 9224 4531 8212 139 1145 2128 7200 6073 6920 5413 3723 8931 6970 4619 9757 8106 8049 385 6347 5645 2740 695 8484 8990 7895 5742 1272 5362 1610 6354 3025 9734 1335 4995 3895 3745 1917 5849 9598 8498 2986 3982 9013 5340
65 300 2322 3427 3380 7950 4913 1546 3190 4230 7057 9775 2318 9709 9548 9991 254 8049 3937 6218 7755 8854 9652 4788 1277 8599 2263 7811 9755 3092 8887 3629 246 5922 4029 2597 7526 9042 716 6547
66 5869 7864 9545 7709 76 1871 3023 9955 8649 2263 1580 6922 9852 3408 718 4359 1227 6298 485 5735 8723 6398 413 2060 2058 7476 5045 6408 1740 1367 6509 709 7657 9181 3172 8889 5906 6673 2721
67 1121 7968 4824 5445 2847 9023 116 5917 1790 5583 7210 2182 6621 952 4170 4450 7254 9551 2958 8601 7888 5797 5292 7167 2876 2846 4310 8313 1142 639 1123 9218 3049 8455 1020 6226 9666 4695 7742 9295 7811 793 7504 1571 5748 2962
68 6534 6672 6538 450 9669 1299 8470 9677 8841 3113 523 135 2904 3961 1164 4104 7653 3926 438 6499 7039 3409 7457 4310 425 5365 9216 6473 714 5738 5519 8754 554 5825 1004 9527 6618 4271 7199 5462 7949
69 6547 4341 5099 8105 7669 2327 1216 6621 9777 9040 2857 3061 4660 5163 8506 367 1430 5547 955 1246 1822 2818 7410 9014 9351 6390 6301 5383 5798 8829 6282 2002 3331 3806 3153 7664 417 716 3515 4027 9592 4977 5389 7699 1299 8134 8812 9013
70 7266 4170 4526 3914 221 9688 1401 30 7349 6855 1555 5359 6415 1479 730 164 7856 3496 6292 7998 6022 5654 7105 6075 7622 6201 7752 8405 3092 4788 1296 8133 8179 72 881 9348 8538 9692 4909 8069 1956
71 9968 8387 4341 8130 5899 7234 8183 3089 7049 7179 6899 1476 1611 8775 9649 1638 6324 8445 2856 8124 1705 3268 9637 3539 5228 8925 1935 6695 654 3403 5773 8480 9364 1408 9887 2293 8831 8652 8074 780 6833 8104 1668 5412
73 6547 6021 5064 9224 1710 374 3304 3751 2263 7733 8887 5758 7485 9444 5062 9428 8579 1354 9908 5433 6334 2650 759 7072 2929 7692 255 3219 1471 1615 4697 8114 1948 603 8935 5430 4271 7699 7762 412 8387 6101 9075 9265 7219
74 3543 5326 3792 569 952 9347 5006 4752 5543 220 6292 8259 3504 7029 6301 2171 7146 148 2601 1020 6336 4847 718 4823 6075 9431 9712 9364 2690 7335 560 3863 3254 9409 9640 141 880 9185 4836 9560 5801 2951 9533 7517
76 412 5451 3158 6281 8671 4060 6061 468 2693 4317 8325 4928 1329 896 5572 3607 133 2030 4311 2232 9281 6376 857 1140 5295 2038 1566 9425 554 5995 2906 3814 3623 3795 8919 4404 9493 8268 5785 2156 6063 3895 7833 4020 2340 935 3543
77 3836 7864 9852 6082 5386 3377 7044 6285 3827 5149 6351 9548 6281 8531 2771 4214 3612 3186 4941 9493 6067 9521 5247 7960 4365 3088 9720 7720 8580 6750 7276 2867 554 2466 1644 3742 4610 700 6417 8841 7438 3316 8396 9842
78 1625 6537 6986 4647 9349 8396 8092 6687 4340 6046 1174 7615 3408 6842 7896 9652 5060 1728 365 3229 8217 5348 719 9623 7165 3231 2753 3051 9576 2161 8888 2247 3233 2565 4803 3869 3060 4714 2972 2097 8343 7762 7652
79 3074 7852 395 5322 8140 2902 2184 9199 1150 6250 2673 7123 5129 6898 3380 7895 6771 6737 3942 5329 1020 8017 9045 8710 5117 6144 5459 6230 8928 5383 7938 3121 792 6412 4733 2193 4610 2412 5762 625
80 7240 3885 6020 4035 2662 4639 4134 2679 9374 5163 2927 991 4151 6100 6355 5662 6621 2414 3989 5948 3320 575 2001 3935 6770 2818 8102 675 8562 2753 7039 7486 1963 5192 4241 9392 8784 7602 837 244 1685 3699 8834 5054 9244 3376 847 8491 3012
81 7438 9129 9138 5848 1752 1401 148 5149 9806 1657 3964 2184 2666 6029 552 4350 3675 8268 6024 6070 4784 8055 5797 1036 6283 6144 4941 3220 2183 4294 9485 4669 5063 8980 8111 2444 9323 1791 2074 9256 2198 5440 8071 8027 650 8716 2240 9075
82 1105 8406 4400 5752 9444 3006 420 9465 5088 7653 340 1110 3234 2155 3229 7429 2393 7138 6226 3356 1345 1071 1157 5862 264 5961 5437 2837 2247 6717 7123 9233 133 7039 9080 5407 2149 7513 3080 6850 4223 2161 6196
83 9842 8671 9224 4180 7474 9709 6170 4021 267 9518 8910 6676 726 1305 3950 3453 6630 2292 2342 896 131 6622 2396 7683 6836 7756 8392 3864 4784 3 2029 6984 3946 9741 5593 2910 3998 6173 7637 9861 7762 7438 5064 1125
84 2962 6327 2340 3792 3113 5053 7880 5401 9834 8920 7333 4245 5992 6696 867 311 8985 8290 5112 1555 7856 1572 6652 1375 7537 705 1950 9276 6143 3262 2426 7525 2256 4803 2294 8535 7978 9741 4842 9602 9805
85 1105 2643 5767 7806 8069 6360 4350 1066 4362 8600 2158 3533 9757 3561 8423 1505 2810 3937 6460 2600 5245 7243 5211 858 7833 4333 4647 3842 1916 4106 5910 1611 4925 5501 2192 5164 3515 1040 2278 1213 548 666 4234
86 5412 4824 3074 6030 6547 1375 6161 2260 650 477 8022 718 7304 7948 2304 8116 1633 145 5211 1112 5443 2496 6622 3479 1389 2753 8307 4697 7744 7425 8539 5257 4066 1282 5632 5138 8287 4970 786 5189 6196 6980 2240 4352 1429
87 1534 1979 1238 9270 732 8235 7133 8910 7732 4526 8169 7210 2085 3507 8484 8881 7026 469 971 2565 5143 5654 523 7347 7379 1657 1366 5925 9795 6616 1562 2029 6860 5294 9755 8829 6137 9704 3231 476 3806 5373 5913 873 1941 5451 1752 9007 7438 6141 7968 7806 3885
88 7949 2555 4314 8722 6187 2662 8183 4286 6270 843 9199 1348 108 9483 518 5099 75 4060 4962 8185 7852 5212 1981 9720 9428 9463 8859 5948 9139 8290 358 1452 5553 7095 3447 3772 1924 2745 7306 2029 202 5401 3278 5515 1491 9004 3249 9230 2121 7240 5412 2288
89 6054 7296 2340 1125 838 8462 1557 2439 7791 3586 4886 5997 6306 7744 847 3053 4824 3240 2897 9436 9385 9031 7659 5810 1728 1940 6178 7950 8081 2247 6883 8342 774 145 8614 1685 5232 5418 9162 5391 966 2486 5211 9852 9831 307 560 1657 2704
91 647 8498 8794 200 5848 5783 4286 8883 4912 238 6486 4886 7553 2607 7725 4056 5088 1799 5849 5767 4783 5543 1365 8220 1638 2161 691 3453 3505 8450 4365 5623 3165 4780 1445 1757 4258 8312 6373 6338 5457 5430 1962 8193
92 2240 6635 1429 847 8832 4129 6737 7933 9230 8092 4343 2263 4045 7736 9892 8053 1554 8982 1150 2537 9815 9259 1562 1083 663 1134 7233 1942 7165 2877 9757 3386 1095 5912 4873 286 8977 6129 8686 9712 6070 8068 6603 7068 991 5253
93 8716 6458 2847 1546 183 3146 7481 155 6331 9703 4507 8713 8174 1557 7610 9719 1195 2617 3853 3093 8838 6070 6717 3007 6899 8605 39 8842 6592 8090 3474 5105 9377 3265 583 4977 5418 900 4444 6687 9007
94 4020 8722 5788 4967 5099 7864 3752 8728 3836 3081 7053 6748 977 5866 9337 9684 6770 354 61 6022 5948 5143 8753 3255 6677 9449 9362 410 6961 5192 1413 8782 9279 1642 8570 5873 5775 574 1984 1774
96 3877 838 476 8293 3051 2611 8116 1710 6359 2085 5660 5304 2897 1665 5546 2784 6532 190 5384 1917 8022 1181 7008 648 7791 6999 7895 7637 5948 7643 1585 135 6888 6909 5030 6640 8888
97 6613 3758 1343 6744 7710 9003 8580 6675 8183 3020 3061 9990 1721 7607 3533 3249 5500 8185 652 2661 921 5998 9407 5301 8392 1937 8040 6570 3 2298 5907 6550 8862 5863 4614 8295 4966 3703 6538
98 6044 4463 395 2264 9565 7787 6269 9050 9330 3095 6960 8185 7290 9645 8290 7696 2158 9332 3843 7116 9281 7202 1950 6581 3174 2679 3557 2072 5061 9027 708 5840 4123 7509 2240 3012 447 9244 5053
99 2155 9139 5099 8462 7852 1083 1868 6550 9908 7786 1405 9025 1515 6324 6650 7820 3229 670 8634 2589 5117 1375 5609 6320 930 7952 4692 1665 5385 804 3056 5230 9236 2879 3926 4546 4755 1859 2906 2121 1299 4314 5437
100 9545 9160 9265 7204 8883 8248 2615 325 4780 7133 8693 5504 2676 6415 3117 3539 9463 3612 4037 5138 3101 3110 7202 3113 714 5989 738 9794 7183 6691 6163 8220 1478 437 5523 3997 5793 9990 4346 3877
101 447 2685 4787 3926 3752 6739 687 8352 2898 4558 4705 551 3864 8618 1794 3061 7604 5836 3095 8753 6696 9843 2106 1533 9805 232 8081 609 4253 324 934 6087 9301
102 6101 4679 5458 6465 838 1238 937 4176 9347 5887 1868 5656 2927 1206 960 2113 7568 1248 385 5655 738 4622 1642 9248 524 8702 4070 4345 4636 1498 8807 5483 9645 8784 4898 5780 3276 3356 5026 2002 1920 501 9917 399 8927 8054 7790 745 2643 6258 447 5762 1784
104 3376 7713 1289 6270 4765 2630 6014 7795 2583 5304 6028 9032 541 8445 6178 8008 866 7553 4907 5783 5504 5019 3241 5639 7929 8487 6292 8583 2465 3704 2546 6385 3356 9608 7829 7162 2342 2692 9931 518 9025 8361 3963 4537 8939 4627 7285 7365 7302 1552 687 7630 3163 9007
105 6613 3936 6101 7429 5848 7438 7285 6827 1145 6608 9040 7456 8121 4004 6982 1657 8797 2345 3842 2414 4093 4893 9633 3597 2615 6855 3405 4348 2696 5884 7586 813 1898 3781 8770 5742 5716 4847 7116 4493 5280 3453 3330 3025 1598 1457 257 5288 1252 6054 2685 2986
106 9848 148 1125 7759 4967 4501 2412 7948 4350 828 1580 7481 2537 2486 4520 6324 583 8049 1566 1195 4698 4071 8686 3916 6949 272 4047 3113 9398 8183 6326 2499 2028 687 9414 34 2589 7173 9187 758 9364 9073 2155 8125 2555 1668
107 1774 1299 925 2175 6082 4170 9443 4660 2857 5783 3630 7486 3835 6652 730 755 7606 3597 4450 8145 2486 5981 5387 5253 8748 5288 9655 9917 6149 4056 174 5993 3363 7151 9302 1265 6024 5416 6113 553 5163 9412 1501 250 205 5677 447
108 2013 116 1256 3073 6875 4034 30 3146 9349 3561 1083 6100 2583 3507 8609 3937 321 9993 977 6913 5407 695 2203 8022 4423 8753 2806 6075 3225 9323 9085 6731 738 151 272 1327 8442 4586 3114 9271 2000 761 5219 4901 6327 8134
109 5715 935 8005 8431 8293 2892 2480 5099 2128 780 7204 7474 2847 1986 3869 9908 1504 7053 9551 991 901 860 2958 9425 9120 6815 3651 9444 7998 4045 9381 3146 1060 5704 2101 3637 5995 2113 2764 7045 5434 895 4015 3802 6001 9957 9007 1238
110 9129 8043 6296 552 1401 4967 3113 1476 5885 6737 850 5457 2904 4437 4091 133 4923 4890 3684 866 6677 1858 2578 279 6390 8787 1319 4037 108 554 494 3843 5855 6963 829 7310 6921 6551 4468 793 4997 8514
111 259 7266 3427 7367 4760 3914 6028 7852 2074 5400 2979 2383 8982 2752 9623 5088 8106 676 8904 9580 6727 9065 5085 4350 8881 1736 9293 9073 6718 1608 8097 1219 5278 8040 4213 7826 9313 5767 2962 3894
112 79 2121 5748 7732 2704 7874 2475 949 7013 3827 3432 7213 9822 8157 132 7133 4345 4504 7710 218 5925 6377 9487 9522 1569 4063 252 7961 691 111 6997 2927 4873 9316 7318 6511 8990 1848 6560 352 6584 9968
113 1668 7880 5677 8284 9301 2439 5917 7267 4679 8121 663 4752 3528 30 813 8462 5006 3093 8881 4692 2125 9697 6323 9579 8787 3403 7569 1535 3751 1918 1845 4880 4171 6387 2865 2483 1395 1569 1231 6 2809 6532 2966 7240 1238 935 7296 3012
114 5340 9545 979 6467 8910 1670 1752 1287 5401 7653 5149 9347 6899 8601 8386 7234 3750 2345 3135 3077 5386 2966 7725 5155 7545 3823 2489 3047 5885 8300 7069 6625 9027 9428 2771 22 7477 2583 6418 3230 168 5840 7556 5621 6999 7989 2 2121 5507
117 8043 8812 3111 9374 5783 5862 1353 9043 3043 6161 9990 1607 5849 8775 5090 135 8022 4661 2274 6549 2966 550 5895 9004 90 3013 4717 993 6102 7684 4760 7318 1364 952 8552 5429 39 6415 5526 2232 5534 2462 7136 575 2897 5467 5368 6833 1868 847 8431
118 2 3894 3758 4664 6458 2113 1195 7586 1702 7833 6922 130 269 8256 1273 6301 4055 7419 5260 3814 6261 5638 9185 1615 3864 837 7477 9846 6728 9829 8371 6618 7639 9583 2773
119 7709 9224 311 1066 3050 3752 4079 2412 9160 4619 6099 7864 5141 5948 3101 2554 7459 3305 177 9898 7369 7920 9425 8589 1465 3254 3797 9478 9735 6046 2690 1363 7146 2014 5185 8989 8538 652 850 4010 2650 9719 2327 6584
120 7133 2943 9443 1079 5397 782 7320 7782 7968 5043 247 7740 643 6744 7361 8593 208 872 2617 9120 8723 867 8807 2526 4337 2184 3520 8017 6352 3468 6057 5875 1149 5150 9804 7647 7365 8019 7064 9296 8888 9181 8439
121 3316 238 9197 6187 2662 9086 7949 7710 9032 625 2003 9991 8528 5767 2707 374 912 1174 7610 4886 9712 7280 4378 4414 1860 9172 7151 643 3432 2871 5457 8780 6153 878 5802 30 4995 3036 9957 1429 2017 3486 4117 4243 1934 8904 843 7751
122 3758 412 8994 1238 8830 9573 4786 450 4234 7053 208 1904 7756 9461 4801 707 3020 9463 4680 1780 2679 9085 1491 7252 8891 1042 3718 834 5216 9014 5172 6398 7673 1969 4645 6578 3552 7177 4065 6485 7467 4514 1385 2005 3703
123 7085 9669 3363 9480 5104 5933 5910 1593 7602 9428 7960 9260 4966 5867 5483 7683 4727 66 8270 3377 1942 8309 2771 3629 9254 3320 4468 2612 304 6222 7511 6630
124 7413 8910 9852 1134 9669 9467 867 9347 1601 6331 1956 5553 1538 4719 3932 6681 2900 5857 1613 2966 752 3022 9311 5214 683 4916 3231 1273 6997 3666 5185 3356 9901 4241 3819 2783 5980 8723 6412 3447 444 8134 1534 3836 3602 8512 5762
125 6101 6258 5445 2327 1134 5902 5885 2100 4870 9852 9955 4313 3259 1929 9957 3963 9580 6301 4060 5178 5198 6334 5552 874 220 5026 413 5950 4002 6741 9163 3505 5050 4583 5288 3528 3103 7880
126 8431 8105 2773 7481 9688 7806 1238 2650 955 4302 405 7135 6423 8687 1780 8015 726 7039 8702 5483 9649 1393 3268 145 5198 7013 6326 3699 9238 1538 3049 4104 9255 1140 873 7692 1961 2474 4798 872 3284 8900 2943 9533 7652 6827
127 6613 5507 6153 6141 1670 6608 9615 867 8848 88 4985 205 2060 6139 279 1365 4709 9719 7434 2057 1931 6812 1912 7602 7302 3222 5251 7860 6643 5861 4586 2335 9071 1415 7536 3708 9357 8092 2192 1774 5064 9573 1668
128 5869 3032 5848 7429 5451 1790 8235 6978 8017 5662 4957 3567 2951 6445 9174 2019 9330 8612 2464 6523 7673 9904 1175 1253 9635 2877 6190 1208 5981 8854 6695 1581 3653 4929 7379 7883 3543
129 2 6938 1979 3521 6712 4787 8470 7630 374 7254 7147 7713 6698 6487 7392 813 130 3575 1153 4402 3827 6705 5260 4494 3231 8441 8696 3493 5875 2123 933 2454 4984 5998 4951 5082 7173 1528 8151 4604 8105
130 5762 8644 7088 5099 1328 9086 523 8896 4760 6487 3827 5572 3089 7023 9510 9260 8498 4222 9283 9965 5026 4822 5292 5636 8361 796 4529 2198 4241 6226 2319 5553 9292 9712 2909 3657 2697 9540 5916 2554 1246 4901 4958
131 1299 3521 6054 1496 8431 7 3316 7456 719 5063 9731 1956 8423 6216 8887 8580 5654 8055 5155 2486 955 3894 4260 6099 1101 5531 8362 3510 9991 5831 1252 1077 3336 6767 5126 2232 5054 9640 1436 9911 8456 863 5875 9798 340 5095 7949
134 3982 1763 2426 867 4134 3320 6236 496 6549 2900 7725 6423 352 220 5295 8195 518 8702 246 7123 2001 4150 4504 478 545 610 4945 3495 2806 8090 6681 356 5124 7848 5471 8859 3505 8480 6175 4034
135 7713 4527 650 7575 2857 2475 7795 6030 1348 5038 2345 9281 3545 1449 7852 7314 1931 5387 6772 8634 4252 4081 9216 6537 6403 4799 485 3669 8068 3433 7598 5755 8019 3465 8142 8787 837 5044 7629 6387 2114 3830 5412 6938 7153
137 6613 8293 8462 2685 1042 3395 4180 5072 7852 5341 4884 4760 663 246 8386 3047 1248 7899 2792 4539 1562 6437 7216 8807 6853 4739 9137 676 7068 5045 4342 5961 7477 1336 6048 5112 2994 6301 2058 6695 8403 1395 5630 3575
138 7153 7699 105 1121 7669 6635 647 3981 9709 7162 2003 7987 9004 1555 9965 3061 5788 2321 6502 3561 8533 8985 1223 279 6499 5406 1916 4057 5525 7889 876 6924 6880 6236 2624 668 5817 2463 8097 7008 6651 3048 4901 6044 5783 4340
139 5848 7088 8062 3700 7710 1121 2198 5860 3723 2232 2760 6400 3043 5194 7811 5838 2774 3926 5777 1323 2633 7336 4501 7720 5462 5509 8290 2319 6415 652 5387 2265 9943 3889 1728 8583 4916 6445 1181 3557 2817 4507 8685
140 6327 6101 9224 238 9178 2760 2611 5838 7751 5245 269 5155 1157 1175 7912 6727 8838 4423 6445 6949 2791 5696 3806 400 4774 643 61 410 5280 8662 4967 3751 1888 3352 2757 1296 7221
141 2121 1625 2340 7055 7285 8722 4824 6635 2175 6920 7919 5553 4828 8150 6509 9478 3238 3789 9735 2608 866 8612 7038 4627 2032 7742 6680 3465 4945 9741 9991 2412 7643 4407 4679 4669 9911 865 2191 829 981 6545 5767 5715 427 3012 7762 3261
142 5219 412 7852 3376 2685 4341 5788 5386 9990 7 6672 7575 7874 8183 8174 5993 4494 1223 9837 977 2569 6074 2001 1770 1633 8145 2486 6139 9757 5925 7151 133 2895 6604 3165 7888 5062 7373 2760 8856 4828 3811 7919 9723 1924 9175 9582 4150 2307 5247 1869
143 8387 7709 2892 625 8406 3379 8043 9607 673 6895 4362 9659 7569 2404 2774 4886 6355 476 6615 8880 7304 4345 6817 9576 5247 3172 1800 5211 3683 3553 1613 1580 4081 1452 4299 3567 9583 5871 7476 7615 7509 2179 9056 7170 7652 9842 7732
144 3894 2288 7997 3376 8043 2704 2114 3379 6360 8121 3468 4558 9086 2518 4350 3304 6137 6331 7987 7755 8618 7454 2161 8628 8089 2846 2983 794 1728 8074 3354 6921 8677 9332 2475 5348 8693 4260 151 8579 2265 122 6405 9162
145 4985 9615 7120 5063 2349 1607 2929 2668 6486 6447 250 557 5194 8344 7289 2518 8987 5523 6829 6453 6931 2263 3714 7553 9995 4626 6070 141 1869 6909 1380 9302 8234 5834 5833 6148 2721 8021 9944 2679 9007 3012
146 6538 3077 8043 7864 4901 5445 4558 3665 1454 4619 3869 75 177 663 3703 7786 2817 6369 8092 4971 1628 1579 5462 8282 7664 3823 5719 7126 6347 4007 4299 9582 8591 7952 9740 9576 9364 5795 6112 3265 417 2064 6613 5583 3012 8387 8134 3144 1774
147 3885 4531 5340 9990 3783 2643 9852 3830 6744 6216 5788 9205 3089 4843 3379 5964 6631 8418 7267 6460 3607 3630 6931 2569 5390 9692 9085 4106 465 3080 9755 7457 227 8989 4065 5693 9370 3008 1264 6429 9807
148 3074 6827 8193 9199 1524 7883 1353 3753 188 7933 6404 782 6139 6739 9947 7519 3249 8881 4760 7822 5523 9836 6953 5052 7069 9206 4636 7056 5875 820 5925 695 6622 1265 1472 8074 271 4093 2893 8308 786 7153 3023 2 2288
149 2986 2155 6537 5507 6482 4362 6161 7759 2327 9086 1560 8150 2818 3104 6676 5801 518 4870 5072 6324 6305 1741 9632 7426 3203 5389 6815 4260 4697 3683 3814 5732 137 4416 1929 1873 1810 6129 7399 2343 116
150 7762 3982 5412 1774 4765 5156 1042 9669 9050 5064 8756 1552 1043 6635 8450 8931 7755 1933 7367 7454 3842 865 6354 4684 9499 5409 3352 7598 6334 1391 6729 9936 3199 4873 960 5623 4785 9692 2168 2729 44 1534 7120 4377 5862 1668 4199
151 979 5748 5677 2773 4108 4787 541 7289 3320 2589 3285 5141 2150 5752 3079 1791 6817 3020 4916 7706 3937 4913 9162 6696 8451 7092 8973 3203 6977 1414 6323 9740 5230 8904 9172 8286 6695 7212 7933 7335 3463 6492 9545 8406
152 6547 3232 8832 9075 1149 9615 7012 2898 1058 7732 9464 683 6351 7694 9027 8863 2847 3043 9385 8313 4567 2139 1154 7056 6696 7888 1464 1292 9858 2150 3969 5005 9604 5594 5543 8224 5054 5894 3555 6459 790 601 9397 5677 7153 5848 4664
153 6538 6534 447 7709 9374 5326 5251 6712 3752 6285 496 4156 8922 3160 4561 5043 857 5038 8566 6301 1638 1167 9604 6592 9083 310 9646 3864 5815 6261 917 7202 668 3114 2739 850 5171 3835 1277 6262 6767 5459 1242 4047 6303 7486 8844 3783
155 259 9139 6635 1117 7845 8043 9565 4442 9230 2518 4528 3061 3883 6390 4517 9114 3405 8195 5639 910 1495 8081 1535 4402 8855 8486 2403 3120 9563 1176 1330 4730 7545 5323 4324 3474 6729 1937 2302 1377 8690 690 2962 5748 2288 1134 9533
156 8994 3877 1121 5848 5156 3981 1328 3113 4948 8713 3731 2146 5502 2060 1430 4709 2212 7618 9323 8733 6960 9816 9138 3656 5240 8251 9671 7790 7452 2603 6015 5349 9555 3684 1004 3087 7127 3434 8922 7261 1799 1552 6054
157 9244 7296 1496 9990 6899 1256 5752 8922 518 6982 6545 3753 7742 3354 7050 2958 4093 863 774 6770 2349 5964 5547 6643 5333 1323 6961 551 2577 9260 9341 8040 8681 3889 7092 1341 7855 3820 2574 7071 7069 1845 8392 937
158 321 9129 7751 6487 4639 5504 5860 1195 8220 7349 5502 8733 30 3022 5802 8414 5636 6071 4695 7525 6544 4352 5946 8418 8375 8478 955 3308 9172 503 6862 767 3352 2798 6639 2000 742 2746 7068 3012 3936
159 6030 979 8722 7219 5775 1763 5097 5862 650 2666 7367 2943 6447 4079 8920 7486 6464 3207 4367 1898 329 4970 6511 8566 3164 3863 6262 9649 6469 1154 4011 5026 7082 6062 5695 8831 683 9097 1478 9248 4774 8911 2764 6850 6802
160 1476 4311 7105 4784 8858 4269 1799 8484 5871 6390 3607 8068 4068 6545 910 3714 4308 4945 9248 4418 8722 3673 3727 1020 1920 7637 950 8486 5288 9173 8428 5897 5651 4224 1839 6195 8961 5762 2643
161 6778 4855 6458 2904 4286 1348 753 4170 650 6687 7486 5553 3723 6676 828 8251 5318 4401 7267 6909 9704 1167 3916 2810 3704 3102 9632 5797 7834 4414 1889 1050 9692 5240 1387 9073 9723 3474 4068 1550 4788 5567 8044 1607 2533 2962 9244 7652
162 7652 2555 7762 3836 3728 8711 5775 9008 7267 1546 2058 2480 9970 5457 4378 9757 2740 9014 3720 4719 3383 2791 9465 367 9677 6909 3256 8140 2856 5785 6148 7696 9735 4029 4651 554 5503 1611 1624 4966 8233 873 1969 5676 2060 7179 7949 3877
163 935 7438 7266 8830 8069 4801 6369 3363 8495 9836 9219 1950 2951 6650 1555 8418 2057 1833 917 7379 2404 7110 8593 1641 6869 5095 6445 6762 4214 2014 6354 6283 1204 2737 4300 1932 257 4123 7904 6881 7169 7142 1079
164 7883 8528 8140 8174 9404 2847 7029 1293 3505 6737 9720 3356 8531 8185 3226 2598 1310 858 3481 6869 5676 7169 1472 3864 487 3243 2165 6193 118 7432 3762 3374 354 7851
165 9129 6134 7133 1353 3758 4027 3050 5095 5397 5583 5286 1736 9659 7163 9014 663 132 3229 3374 5654 7323 4531 9478 9181 8698 5901 8733 8294 355 1060 8706 6920 858 3576 4548 178 1912 8634 2014 9208 5921 7053 6503 9301 4377
166 8125 2288 3885 450 8387 1956 3964 7987 8539 3630 6385 774 7355 5005 2128 6347 6285 7610 7146 2983 5871 8233 9132 5175 6815 9586 1831 2774 3555 225 5547 3454 4002 2846 6499 1137 5813 8583 343 7641 1208 260 9830 6922 9515 8722 1343
167 7438 7296 3584 3783 7782 2630 395 2407 4728 2818 4828 254 7568 4004 6675 246 7392 7486 3520 6226 8614 1106 8377 6768 7321 5993 5794 1566 9755 7276 2611 4429 7050 4528 2037 8874 1464 5519 6232 4699 1800 272 6765 9709 300 1774 3982
168 5412 4199 447 2892 1091 3119 3251 2100 5090 4011 538 4027 4034 7087 405 437 2603 7210 7026 4912 1963 4709 1354 5383 6374 956 6924 9295 2165 5632 7653 9635 767 1132 5704 7278 5793 4258 5501 139 9990 5880 1625 3586
169 6030 9615 4527 2175 1496 412 3103 8663 4884 374 6044 7929 6028 5887 250 7333 2732 6486 7474 876 7569 4928 7087 1025 5383 5895 1923 2771 5604 9965 3195 8217 4684 3051 3249 9755 4457 4948 5801 6022 3727 8259 7467 9803 8234 30 7657 455 5143 8698 7054 9164 3141
170 6054 7012 4760 2304 949 3119 6833 6236 2513 6061 1081 8217 1515 9465 2737 9586 3752 425 6566 1940 3792 207 2125 7961 4414 7936 4354 9311 1095 2032 989 6544 5085 6045 7742 4193 5660 5294 7365 8696 1984 3111
171 1299 4340 9615 5175 7055 843 2875 8830 9467 4728 1560 3079 5063 7029 6676 2607 541 4354 7842 1736 8922 7210 9032 6374 2526 3706 8800 1749 2917 883 4203 3 7167 6921 9581 2577 5795 6881 6478 9619 2239 6617 5713 979 7153 7883
172 5762 8125 3885 6153 2136 476 6797 4350 6949 4045 2932 3750 2774 7434 4004 2554 1025 7833 6768 1292 5062 5982 6880 930 4444 6526 8570 3496 2393 5465 7855 6862 2546 2474 8403 9395 6129 9593 9991 3160 4527 9199 925 8722
173 79 2288 9270 9139 5677 3914 7629 188 2150 901 8210 2486 2136 7050 5326 5946 4070 6771 6099 896 6321 3012 5909 8612 7513 2123 3681 1833 3101 676 3871 2873 2917 8022 4541 5429 6924 257 6074 7789 6515 971 7949 7240
174 7652 4311 7880 9545 4909 399 6067 4786 443 552 8439 155 6978 6608 7434 5245 6982 329 2589 9637 7467 6625 2232 3789 4159 9499 3364 4528 6945 8708 6699 6566 6225 1389 2783 6977 5834 2194 2898 4024 8304 4334 8874 2871
175 321 238 9461 2260 523 7932 5860 8450 4957 4134 2113 9425 5654 5909 784 307 3051 220 8858 3748 6362 4890 2990 3088 9192 4431 9083 3481 8658 1430 6507 5333 4873 2932 1246 8242 2879 4689 4170 560 3371
176 321 3936 7880 8462 2790 7088 5340 9930 3885 4619 2426 5885 2412 2109 7193 2264 4749 2010 1123 5961 8686 6084 7733 6409 8838 1624 2578 5494 5771 5407 7099 8282 4995 3190 3403 4720 8270 3670 4300 6015 1363 5910 7791 7709 9842
177 3012 8994 4958 6528 7519 9565 468 2513 6061 9354 8174 4400 4695 4843 8145 2123 7077 2161 1566 7864 6699 6424 5907 252 5565 7363 3165 6730 3429 9861 1848 540 2387 9671 4616 3836
178 8994 5412 8134 1524 1496 9160 7001 3077 7950 496 7899 7333 937 7367 1401 9764 5884 9364 7511 1835 9689 731 674 4893 5688 9133 3229 413 7895 4232 7643 2376 438 2624 7004 8754 932 956 7736
179 6258 3543 8431 7429 4624 6014 4457 952 5643 9043 9677 7147 2264 2263 4442 9467 9205 712 7029 1981 7392 7733 5026 3835 4431 5942 247 3463 3165 2346 601 1531 2855 3521 7665 3383 9594 220 3555 8604 1345 8581 1086 4193 1056 3776 6196 199
180 9404 8794 1216 7790 2475 8893 8375 3961 8507 1510 4507 796 1846 5178 7072 3679 5700 1702 5638 4971 5661 9521 3819 6834 6193 8658 8571 3814 600 5358 3969 993 3425 2260 3561 4035
181 1668 5307 8498 1058 9301 3006 9215 4884 6785 2422 3869 3835 1476 4168 6226 5155 438 1282 7290 2895 1762 8030 8787 7349 1265 6445 6352 8146 7434 6334 7815 5857 5933 3374 1555 7556 3750 4780 7410 4277 3331 9198 4043
182 5412 979 6537 6161 4170 7759 4151 5006 5885 7806 4962 7210 6528 8539 7902 8428 9795 7267 2058 6332 1348 8343 5756 8947 6473 5662 4567 8195 5546 3225 3453 3128 6496 6639 1552 5389 4356 7710 642 3987 7888 7739 4453 4549 8829 2693 7367 527 5715 7949
183 6938 979 1343 8711 9043 6744 1375 7874 867 1555 755 5548 6895 5163 9290 9425 5019 4294 4886 496 329 7029 6729 5429 1912 2125 3453 5772 2183 989 7956 5901 2856 9026 874 5907 8242 9583 3804 7536 69 707
184 3894 1299 4314 1984 1668 6134 7732 2437 7736 3602 2414 476 2346 1145 6675 8462 5507 2951 7579 4567 8512 4661 5132 8900 7252 8049 8939 6053 813 2752 7694 3540 5177 4529 5433 4805 4719 3308 731 2661 7975 8754 3110 7754 5866 2383 7851 2549 133
185 7732 412 3023 8711 7285 2790 4340 3757 6331 8269 4957 2904 7087 6615 2189 8947 4356 3117 695 9688 1077 102 8932 9080 3025 3255 3745 6627 3495 2096 1964 8522 4651 9804 2465 8114 5580 7899
186 9848 2327 3316 9834 3586 1149 6635 3073 5090 1083 5849 1542 5948 4377 9510 2810 3704 6669 6099 3234 1523 1332 1642 872 7740 3889 6356 5433 164 3926 6512 2855 6295 2698 9807 5735 6954 5421 7396 8234 7289 8428 3074 2904 3012
187 427 2327 9404 4679 1289 6545 2537 9955 4004 9120 2346 9970 325 6453 1110 6269 3673 5365 1846 9598 5771 1354 8377 9325 2060 1932 3820 541 9187 9205 9496 211 9368 7092 9666 5430 2580 883 7746 3134 7296
188 427 8293 3163 1429 9013 5322 8284 7669 450 4234 1401 4884 7105 3243 3950 5838 6672 726 7568 4311 1153 6630 6074 6400 8049 5922 6743 141 8309 513 6166 9433 4619 4277 8306 2516 9755 7318 9205 1423 9120 6954 3652
190 1984 9075 3543 9374 412 5677 8235 8462 951 1125 3830 5322 8269 3050 7280 1791 3172 7486 7684 6374 8900 468 9398 4822 1454 9083 787 3537 469 8022 8167 9085 8185 7126 6662 1396 9604 9582 9187 9607 7409 1142 6576 1306 8177 1848
191 7713 8830 6360 6458 2768 7055 2538 1822 9733 6836 7992 6385 2932 9470 753 7191 7771 9487 7521 2123 4823 8605 8040 3268 5898 394 8168 3653 441 6875 5111 2798 6587 4224 4771 1059 1377 5773 8688
192 7762 9199 5064 1657 3703 4286 8609 7026 7790 5871 3870 2673 5768 6187 7659 813 2513 58 1711 551 2740 5772 6149 46 5198 8816 4106 239 3007 7041 2570 4710 3355 6744 564 9208 5065 3425 1749 771 6938 7413 5437 4326 6613 6827
193 3113 6306 476 3533 4400 1246 1110 8600 8649 5462 7586 1292 9720 6544 9852 4567 478 6048 8363 9428 1569 4788 3491 8582 610 3238 9798 2003 7038 5391 1212 5088 4065 5257 2618 3240 935 321
194 7652 3877 7413 8644 6054 199 4967 1429 2340 9836 8092 9464 7922 2064 4531 5019 560 7044 7474 1739 8414 3528 5141 5150 3798 3454 8883 9192 971 4245 9901 5630 7706 18 2634 3976 3079 2741 5060 9025 8268 2037 2414 5638 8156 1352 4397 2608 6621 2304 5899 2121 6827
195 4326 9903 1429 6404 3077 5322 7736 9453 8343 2735 7932 5386 8428 718 2565 2900 6616 5390 2342 6144 7664 3575 691 5710 5716 8136 5636 862 6409 8659 218 25 6829 1609 874 956 5548 1097 4828
196 321 8711 2892 7575 8116 6550 6487 3537 1058 3665 3533 6014 7434 9205 250 5451 9580 8900 5359 8893 1429 4890 8986 5780 8887 7683 8392 2175 8858 5810 6061 3987 7570 3553 9381 9764 1129 7833 5471 9523 6338 5280 4216 1935 2390 8800
197 8125 5869 4909 4855 8830 6920 8716 5451 1348 5386 3371 9444 8528 7782 7049 6899 3533 5359 9465 4104 5006 7786 4343 7694 1852 2422 6739 9476 2060 9604 7105 9290 691 4354 9576 9293 3553 9638 5901 4541 1845 639 6404 3275 7720 9646 6617 6963 4586 1923 3894 9244
198 2704 6296 9659 5339 1831 9443 340 1638 7213 2595 3789 9043 7216 8217 6772 8027 4783 1310 4401 2376 3672 7698 5995 3307 863 7779 1806 9030 7675 8308 7239 2674 7755 6528
200 935 6827 4985 4134 6134 8776 7439 5401 9637 6610 9083 7602 3937 2752 860 4901 8251 2617 7570 2951 5224 9901 8581 2978 9293 7641 2491 2164 8583 3582 2633 707 9523 8441 7922 9380 8842 9885 131 7678 6334 7318 79 7652 6938 427 9007
201 4199 6101 4341 238 1934 5326 9933 8922 5088 9004 2951 7162 7474 5909 6842 4628 524 1430 30 3651 485 5277 4354 358 1498 8816 5746 8455 3539 2014 5026 5072 1095 3165 9159 3528 5713 6627 7653 5443 5798 178 3219 6258 5458
202 1121 8062 7266 6712 6360 6280 3757 3304 5483 4679 732 443 8881 7919 88 934 5740 3726 7780 518 7177 1935 1793 6144 4409 9114 6413 3916 4284 8111 3970 7647 5188 5503 5567 4960 729 1956 5547 5869 6021 8644 3144
203 6153 7456 3728 9688 3958 5607 1900 5997 4878 4959 5660 3093 8836 5502 2171 3537 9988 9144 9580 467 4684 1923 9943 5052 7615 4216 6839 6476 7899 478 5054 1845 2988 3215 3008 1937 6961 6676
204 8293 7088 9842 3395 2422 7 7266 200 1611 2064 2003 5457 90 9580 7771 7569 6298 9083 6451 7949 7318 3114 8325 9248 4823 6412 8387 1661 2014 365 3784 4455 1471 2591 5384 278 7753 4029 6119
205 3885 9199 6044 5437 6608 8043 8841 2322 8487 2732 7252 5921 5887 5572 5251 3093 307 6970 4907 6802 1963 397 5292 7457 310 3305 9027 3651 2877 7423 3100 9671 5108 9351 2505 9418 3108 4418 2595 787 9947 4616 4912
206 6534 2327 1871 9990 1383 7133 2209 1986 9836 5270 1822 2491 5177 1750 3050 7822 2485 6537 8259 8106 9865 5996 1174 7167 2342 7932 7485 7373 5477 1860 4497 7060 2681 7458 2286 5690 1080 9218 4658 5950 4803 221 2958 6613 9224
207 2288 745 7219 5053 8528 8121 1216 2790 518 6492 7439 3981 1328 7568 6790 6946 5400 1900 2109 8049 6351 675 3665 1791 3054 5494 4056 220 1987 81 3703 5085 3675 503 9869 8452 2929 4697 8095 5430 7030 9551 2392 6554 4985 7575 9007 5340 7429 7153 3012
208 7762 8130 8812 2327 9615 9573 7285 6258 838 2005 1289 8008 6332 2898 3061 511 7806 3673 2792 2958 8533 1323 1736 2100 5566 9256 4804 5373 2773 865 7904 5737 4150 6336 705 1531 210 1150 285 8719 1319 272 244 3557
209 5445 9244 8105 5869 1145 1256 3146 7474 3106 1799 3243 5645 1904 8756 177 450 6611 9510 5112 3432 8150 6324 2095 4045 8189 6465 4591 1242 2407 9436 1962 9684 7092 9604 2171 8532 2604 4359 7960 3998 7321 3545 6351 3044 7754 9551 8928 1705 343 4110
210 1429 1784 6584 2569 1496 8841 8599 4558 6967 5141 5122 2058 9688 8022 3020 2927 1868 6698 3241 2608 9605 4967 5630 4970 4717 4433 828 5604 4507 759 2752 8456 3080 7744 2653 6492 3762 3772 4224 8019 3364 9025 2004 5387 745
211 3584 3783 8293 2437 9461 732 7545 2790 6331 1117 1391 8017 3835 133 1831 3089 7349 3883 1923 2489 2342 7233 9323 6338 8257 5065 842 3425 3174 9515 3308 9132 794 5855 3486 9149 7041 8365 3049 2416
212 1774 569 1625 6044 4624 1216 5340 8423 7899 8386 6875 557 9573 6853 5104 4337 4884 6075 2598 155 3814 8036 6750 4633 2433 9940 5054 5080 9800 5730 2554 8803 9025 3813 7545 1924 2344 3015 6061 5831
216 6547 311 8671 7055 5862 9404 843 3427 5917 1401 4958 9991 6903 108 9211 5768 4230 1328 9374 4670 8797 7087 8005 9637 5224 6953 6292 1538 8934 3718 5129 4658 1425 6230 9586 3043 3269 3476 6478 1174 7090 1212 9385 8077 7483 9160 148
217 5412 1979 1429 3032 569 1871 7759 5248 3146 8248 9677 2349 3752 1121 9199 295 8423 647 9947 9991 9898 1833 7289 9048 9892 1665 6677 8221 8106 6225 9485 8605 9723 5060 8570 1031 478 678 3456 7920 8702 5141 2198 883 7082 3937 1248 6899 25 79 8491
218 2643 4901 3602 4352 7864 9008 3509 2662 541 7254 8599 5251 550 1950 1396 1246 4962 7048 9380 6067 4214 7570 4823 8135 5961 8609 7064 4230 8770 944 5408 1345 501 4647 3210 3804 4264 1132 3575 5206 1987 7845 7949 7517 79 9007
220 7736 6712 2264 3316 6967 3050 3827 7586 254 4528 6699 7314 6931 5758 3243 6731 9795 7971 7952 4348 9805 7396 4326 2010 475 2994 3882 1728 5033 420 4811 5668 3946 2597 6166 8254 178 4361 9187 4060 9842
221 352 6692 7736 7055 7919 952 2346 2518 7481 523 3304 7874 3781 652 3700 2001 5295 3331 9965 4230 9031 691 5365 6920 6786 7110 5605 1137 8145 2318 5477 9172 5467 8224 9485 4939 6113 7364 2032 7447 698 4985 4080 6049
222 6101 8812 9197 780 1079 9023 8462 4626 7874 9649 9050 7933 9551 6833 7180 6550 8887 4941 130 2203 5737 7688 3 3362 2856 7802 3699 1566 5104 1167 5688 7126 2164 8451 3999 9152 5367 4021 8461 6639 7949 205 8043 5643
223 8406 8431 7791 6020 1871 4346 4626 1391 8848 2679 8445 6895 8855 2158 8017 9376 7602 3950 7653 557 8392 9731 663 2274 6149 7664 7669 220 8168 8344 1067 3013 8167 640 3675 1749 276 9501 6919 6014 4572 789 4224 5773
224 8491 4985 3584 3023 4786 4107 1560 2175 4437 1728 955 2603 2274 9979 7049 2611 1963 7467 4974 7314 7602 3007 2147 7950 3403 1391 8581 2343 7692 9181 2965 6070 1181 2900 5690 1295 6718 2906 4984 3552 8248 8994 6482 79
225 1454 1731 2175 9518 4079 4151 8343 2537 6428 2668 8445 3935 4104 6676 7653 3093 3961 6413 687 9800 3923 5993 4719 2740 9377 5857 5471 1579 8014 606 5386 5339 8938 6768 5258 1205 8371 8900 9583 1572 9431 1796 7101
226 4035 5340 8431 4326 4824 4624 1358 221 9465 5887 4020 2146 8022 3073 8445 1430 1071 8880 5163 2486 2038 5292 6526 8487 3159 6073 5810 9483 4842 5746 5925 5589 3496 3230 5670 3330 6984 837 8840 2788 8905 8342 8121 5111 4843
227 1105 3753 7088 7919 6482 183 2983 8140 6285 7044 3958 9260 3395 8423 4626 4787 2085 1505 8506 9989 2518 6074 6359 6460 675 9144 2972 7335 8601 219 307 8947 6262 7861 3656 6001 1289 2670 5989 6421 3629 9407 3227 3547 3456 6525 2485 7087 2491 3877 2240 569 8387 8994
228 8830 9013 5752 8043 511 850 8333 2569 7434 9903 1638 7568 9940 8722 4378 269 2867 8450 1292 5580 5630 6188 8358 7337 8522 5925 9931 2396 5534 7293 6627 1020 1761 489 5260 3998 9795 2612 5907 7754 513
229 8994 5748 6030 9270 3103 6938 9990 9731 7710 3630 3232 557 6903 8428 2858 813 6698 8958 2485 9004 6550 1066 8539 7938 2784 2003 5794 7040 8344 7013 1276 8441 1391 2223 792 2307 4470 3540 7855 8855 8218 9470 8179 6414 6427 9684 5902
230 9007 8130 200 6014 2128 9013 1670 4639 4967 4170 7029 3783 7254 9215 3195 7072 3839 697 1822 1869 5166 875 1129 8687 9908 9091 732 1183 8027 1356 3853 4822 6201 4280 3687 2729 6060 4210 2640 4241 8429 5437 9545
231 9842 2986 8910 5248 2182 541 6737 4528 5322 9898 4068 5458 4988 8124 3238 6369 219 9014 5866 6786 6283 3463 9659 372 6391 1375 9594 5155 7147 4832 244 1585 477 2376 5188 5385 7938 4627 5552 7771 356 7977 6082 3543
232 352 9197 2643 2340 6101 7575 1934 8104 4234 9043 5869 7088 3320 9114 523 3958 5772 2569 7553 5810 1557 9836 2607 8894 7771 4214 5589 6001 6970 131 7314 7336 2910 1859 9878 7050 5572 5526 8927 6201 1253 4788 8514 3967 368 8609 7933
233 9224 9453 9040 1552 8671 6281 367 5295 3870 7694 4151 5869 640 3789 8844 6610 1734 6473 8345 9248 1833 7912 7521 4282 9688 820 6362 3493 4873 8087 2155 2591 285 691 9295 32 9721 8270 8885 1779 4616 935 8644
234 6635 4985 1524 8910 1784 1145 7012 6141 5149 5788 1252 5917 7085 5014 2856 1454 901 4313 8055 9003 8880 7072 1918 7036 5860 2298 1343 8927 2038 9087 673 2147 3120 4596 950 8574 5178 2608 3153 8729 2326 1430 82 7365 935 5880 8284 6584 352 1668
235 4314 5307 4527 1134 4870 9518 2790 8922 3251 8908 9465 5448 5097 397 4093 4958 6698 9436 6447 3798 8733 3871 6359 5224 2444 9065 3843 3114 7310 2729 5019 238 4709 2965 455 9666 4320 796 1413 1574 8583 2640
237 3982 221 5097 1252 2662 2732 6467 3665 5898 5095 865 9496 896 1009 9192 7392 511 5547 1780 6391 7048 4730 3044 501 3308 5862 7549 7769 5503 5732 9357 463 4858 7075 14 6355 1195 3077
238 1668 8498 2128 8910 6101 2304 2904 9822 3597 5772 8836 7569 7123 828 6324 374 9995 3673 643 9594 2003 5406 4308 4948 1260 7659 5348 6961 7183 9621 703 210 2432 1365 2906 7585 5996 6523 5441 9296 755
239 5715 300 4180 1496 8307 7053 6061 4437 7861 5752 9659 4060 545 9014 8776 8856 6895 1495 1852 5580 7630 2383 8935 4699 8990 1336 5474 8040 5467 5333 5482 7777 7169 3669 5997 9187 252 8862 8516 7183 951
241 79 7902 2685 5340 9933 9852 2322 9993 139 1287 930 3434 5547 1741 3704 8831 7369 3409 2458 2737 7012 232 3656 4063 6731 7013 1923 8106 8838 5112 3262 1081 1425 210 6744 6953 5788 7101 5295 5143 4415 8142 783 6786 8377 3877 7429 9842
242 1343 8830 84 5862 6635 1328 8183 76 7997 3172 3533 3835 9480 9720 3331 6251 3007 9646 6244 8618 7234 1083 9775 9004 8612 6785 6604 5503 8696 7177 2513 9444 1904 9116 4972 3405 1791 6376 1794 1071 5234 7261 2191 868 7477 4847
243 2240 2288 5412 4527 6170 6778 1328 8830 8663 4176 5156 9086 3093 7787 3320 1195 3022 2565 4354 5033 1780 8702 6610 9604 6625 9036 3285 759 1550 225 8591 8834 5340 4294 5531 1366 9089 39 4828 4349 804 6198 4831 2008 5192 4348
244 8644 1343 6030 1401 1524 7806 4442 6545 7379 3521 7845 477 9496 1858 3684 2404 1950 5270 443 5339 4660 813 3675 8912 58 252 5014 7641 485 7749 116 9476 6496 3088 8927 9885 286 4007 4188 6576 8111 2730 3946 6406 3926 9645 2005 79 3144
245 5412 7055 5869 1524 6030 259 2058 9129 2413 2818 8487 2426 7751 6509 3303 1430 9800 2404 3377 622 3236 5662 866 7622 7078 1963 4501 1310 1780 1273 7048 2970 8605 3965 6610 3820 3362 6539 8780 1855 9638 4429 3842 7302 3173 9467 207
246 3074 1774 7240 3586 8284 5917 1625 8183 4923 7439 3006 560 2183 8896 8831 5500 5099 5033 518 4783 9594 896 7252 2322 7742 9666 7998 9138 1040 6867 6869 8135 6438 8040 1323 1762 6260 7787 8949 9362 6639 9008 5546 8133 9259 4222
247 2962 4664 9139 6482 9374 9834 3700 4494 1546 1670 8831 585 8533 2260 3362 5247 332 4698 6374 3545 4912 1430 1889 8830 5661 1665 9071 9182 6581 6963 9829 4037 8659 5693 2462 1041 4224 2464 4948
248 9968 1625 205 3728 2904 4660 8121 3781 5063 5645 7933 1734 6970 2951 6610 527 8343 250 7040 4691 5871 6338 9032 4824 5716 3670 752 9499 6798 6909 2870 1204 3672 9806 6270 9982 5747 5150 2562 9332 3813 111 3607 3012 4340 412 1117
249 9199 450 1571 1790 1145 4045 5899 1391 5038 2074 7569 952 1512 2902 2274 1252 7456 221 1079 3135 3837 4616 9988 3498 3119 4520 8775 5019 7038 1276 3393 8361 9191 695 2491 6336 2411 5520 1066 1878 3821 255 714 9192 7041 7765
250 2340 3023 9301 3077 5248 412 8832 8209 300 4341 454 4801 3783 1799 4027 6082 1405 860 2150 8580 2274 4359 7213 5014 9485 5509 9444 6130 9609 1835 2156 9259 6281 2858 7278 2191 2544 3831 945 5982 6454 7259 8524 9721 211 1796 7732 9453 2327 6584 8193
251 9244 7240 5340 4326 1358 8794 477 8958 7289 6836 2407 9758 901 8599 2412 8188 7569 7219 3757 1916 3230 7811 4021 9273 6415 7434 1579 3114 6130 7634 7347 9238 3159 6953 3817 4284 4596 7350 5224 5389 1661 2624 9487
252 321 7732 9615 8470 6049 8462 6545 8528 541 638 3665 4948 1731 9436 3513 718 1375 921 7979 164 1898 4188 9132 4070 3081 1969 3596 513 5156 5793 6015 6681 7987 7754 6370 4238 4730 5240 8574 9385 7791 756 7606 4531 3376 5917 8125 3982 1299 2643
253 427 2155 5446 3316 9461 1238 1979 9483 850 8104 325 951 6296 6765 5112 9623 876 1657 7786 6550 1739 7756 1036 4423 4350 3718 5104 7929 2828 2634 2598 1123 6588 9969 9261 5166 7752 6819 9692 8990 6490 7975 3263 9172 1373 8183 8958
254 7413 8406 3074 7736 7285 7992 9215 7267 7049 4269 4760 1405 4168 2673 2650 2735 6054 1223 5698 4170 1498 9083 9496 7938 9697 3932 3474 3080 5292 2147 4442 3314 8927 8605 4439 72 3117 354 2165 6250 8014 2968 5335 9003 5277 2986
255 745 2175 1557 8140 6270 4958 8685 457 8269 183 921 1110 4378 3190 108 4591 7012 1850 9621 4628 1932 9162 3453 188 2029 9522 9014 9548 7706 9742 5572 7325 7526 7442 4418 7834 5621 4369 178 6511 485
256 7575 1763 7997 5451 6296 3602 9659 4423 8332 3961 4679 2413 2847 8092 7929 7254 6236 7622 3453 3781 5171 2900 6652 4365 2526 6889 5459 3491 8982 703 8519 9619 6729 2341 6175 3485 5834 176 7039 6269 3292 9498
257 5437 2666 447 4176 6778 8812 9129 3371 876 5448 443 1512 5821 4343 8566 5038 4230 3752 949 8109 6705 7653 8807 4348 4077 8880 1345 2696 2938 4627 6786 3061 8532 6427 239 7683 9071 6428 5912 5368 1981 820 1940 33 3894 3163 4985 7413 7864 7762 3982
260 3894 9007 5507 8716 1871 7880 1496 1647 5899 9931 6744 6978 6922 7044 2489 3089 3706 4907 8210 1365 8221 2000 9930 1504 9898 5448 8363 8507 687 6899 5802 9798 8340 1550 9917 9878 3670 7008 6226 7860 6476 6507 945 112 955 3184
261 3111 6044 847 9086 1149 6537 8907 4222 7355 2595 9688 673 3827 5295 8227 850 6705 8325 7216 2444 1505 9283 5948 3841 3653 1020 6351 7737 5771 9137 1436 7392 5097 2598 1932 3897 4531 7476 4951 3835 3222 5474 4507 8949 5802 3493 9623
262 7153 6547 447 647 3377 1956 7204 2304 527 4027 3703 7874 860 8539 7085 6528 9451 5543 3113 3371 9723 1401 3837 8986 5150 3238 6734 8863 6622 2877 9332 6853 949 2278 1491 698 4730 9646 8245 2423 6359 1067 2112 3579 6254 6692 6258 6054 1105
263 7883 4020 8293 9139 4180 1238 6029 8528 4385 6855 7361 7933 7698 8248 468 2673 4692 2171 2938 687 3453 2923 1081 3664 9947 9187 2345 2016 5379 1937 1807 1381 3234 1923 2640 6341 6768 3714 7251 25 7568 9244 8830 925
264 5962 7296 5715 1299 3163 4341 2986 8663 3032 2875 647 6153 8150 1150 6836 8343 6946 1123 1176 663 6270 7771 6332 5710 6298 4036 8702 7333 485 8880 3507 478 4591 952 3566 8122 8688 2604 2639 7392 4888 5552 3802 732 7040 9164 5206 3491 2288 3521 2013
265 9075 2643 3885 4539 5507 3757 5072 7133 2668 6737 7788 949 7434 7180 6810 991 1293 9807 2673 6269 730 6044 8029 4780 5566 6477 8989 5494 22 5389 6662 5477 8060 8716 2392 9010 8478 5735 2791 6139 6062 1164 4866 7684 155
266 3894 2555 979 8812 7759 8068 4399 3377 7105 527 3507 3158 2322 3393 7267 2064 8696 3053 3509 6404 1566 7419 3498 8157 4418 5910 4561 6067 3762 2978 7893 22 5166 7432 5206 6701 5526 1366 8040 3416 3386 6416 405 600
267 2240 2962 7153 8387 5507 3032 8832 9444 2407 2707 2537 2595 2735 6608 1083 4801 4526 6251 9480 5286 937 977 3043 5504 3229 9930 2608 4661 5211 5201 5150 6810 3790 7678 6248 3110 4960 4760 220 6459 9416 3042 1697 1835 7473 3513
268 9007 3602 7997 4539 8696 1216 5572 3158 5492 2932 8726 1009 9652 3244 3653 5713 9045 3642 5421 1319 3154 6034 9829 6941 9327 3909 4357 8320 3839 944 3319 3032 8812
269 8716 3207 8618 9230 6067 9731 9852 2085 3958 7029 935 6833 9259 4941 6424 9398 5604 8930 5500 5052 1515 9216 1931 1734 5060 8067 5150 9764 857 1212 4066 2799 4783 4951 207 2597 5482 8183 5333 4317 4824 6404
271 8495 3753 420 4531 8343 5175 4027 116 5003 4108 8053 8618 5654 2817 6301 6359 7607 6362 5589 1987 3044 5639 4230 7874 5474 9865 5409 9236 7458 1734 489 4733 5132 1846 6954 6417 2746 4717 9040 9600 6938
272 7709 7699 2892 8470 3586 3163 2666 9224 951 2136 6306 5212 583 8332 7641 7423 802 4616 7737 3226 457 9043 3751 5948 6226 7698 9621 7537 7694 4622 307 6355 1779 7607 2634 336 1624 3496 6336 4549 9236 308 5503 5566 1059 2670 7744 8711 3758 4199
273 1668 447 4664 1496 3079 3103 367 7474 3869 9467 6424 8528 376 8649 6428 1195 3673 7788 5198 9837 4558 5875 8552 3827 1685 7972 336 5408 5390 8570 9162 5656 4610 4258 7092 6099 5777 9191 3745 9704 1295 6937 3936 4765
274 4020 2175 7669 7519 1625 2412 2858 9842 867 6765 4780 7392 8986 6611 2002 517 1106 3022 6196 7178 1206 3226 9089 7788 7708 441 6509 9091 176 837 8337 3581 9175 2164 4880 1867 3115 2288 7575 7219
276 935 2013 8069 3427 952 1287 5826 7355 8053 6281 8609 3491 7725 8030 2673 3561 8580 6011 695 5656 9398 7749 4973 5349 6189 2608 4433 4684 9898 2764 7802 3576 5747 5690 780 2149 3871 7064 6143 666 18 2288 7153 7880 8125
277 7699 5677 8062 3050 1105 6790 2679 9036 7434 813 3612 7568 7419 6438 227 9031 9169 3125 2837 8102 3362 4310 3374 2613 8729 5993 5875 9970 75 2263 1721 5441 8965 9591 5950 5785 4905 130 8344 8994
279 8491 2327 4531 7791 1763 1121 7179 6978 3106 5821 8495 8649 2773 2897 5547 4784 5772 5548 4356 993 5948 9712 1081 9089 9259 9576 7485 3432 365 4698 5846 883 5401 4378 3539 8060 3790 6898 2237 5917 5802 6587 7395 225 5584 2060 79 5412 9199 6054
280 8994 6327 2288 4377 719 2409 8487 6687 5401 1339 6734 7252 9751 4021 6698 5111 4941 654 8235 7063 4602 8031 6421 4086 4054 7473 8719 5393 4880 9433 6914 3935 3582 2681 1613 6608 6060 8134
281 3012 7438 9199 4035 7055 847 4027 3320 8922 4965 761 1339 5359 5090 2951 1117 7641 9003 5572 527 5141 5406 9029 8405 7822 6403 8881 2168 798 7116 8220 4358 9169 2828 1381 5138 7688 8338 4845 4614 6622 3195 2209 5715 412 935
282 8130 3586 5219 8495 374 8293 1117 3541 9465 3905 1831 6534 5788 7029 3251 4442 7744 828 7733 5964 4060 5896 1628 6074 1323 6244 1711 1686 5961 1031 6416 2895 437 6705 5385 4102 7987 8441 3631 8702 8748 1177 8111 4066 5572 9842
283 4035 5248 7219 8396 8193 5326 647 7240 8794 9444 3032 8716 6487 2426 208 1176 9010 8188 4367 75 675 8726 2842 3184 8345 901 6336 7336 1935 7060 3146 4354 1181 1585 7419 3213 9487 6490 4285 804 9172 225 4712 5440 9380
284 9968 9461 5437 1348 1042 1287 8104 3158 9138 5251 7 9733 3781 6949 2491 3236 1430 550 1554 3363 2322 9451 8904 232 5501 8054 8891 6604 5185 2753 2412 4842 8938 9758 2485 4439 1117 8333 8055 2783 3051 3515 528 2465 8662 3582 7786 2986
285 1534 9199 3758 6021 6020 4909 1042 7795 5752 5043 847 7688 3700 3320 2651 2600 2902 4093 6492 1642 4561 2983 2617 898 5996 8858 8524 1934 4822 1916 730 3172 9671 8069 989 5434 4698 9989 8363 8532 7895 9116 1948 2120 8673 2647 468 5397 9086 8994 4314 7762
286 2288 412 450 6465 1216 5966 4787 1601 1121 4752 9219 9510 9010 7570 4234 8947 8106 697 2146 5589 6810 8776 6566 6354 8989 2190 8726 8060 7116 8195 738 1579 3110 6750 6939 3901 7447 9065 8526 8881
287 9848 8134 6296 9374 2480 6020 7968 6875 88 5359 8209 7698 2650 2274 1112 1354 1665 4705 6549 1330 3231 4326 7971 2085 7131 2639 8254 5117 873 3222 8834 5061 9787 6594 5904 5732 7762 5762
288 935 7438 3376 4027 1401 3251 6292 2979 6772 3408 7481 9795 9775 2060 8256 457 9885 269 1962 437 5660 6355 6415 5178 3004 3241 2203 9273 9409 3304 3566 246 2692 8044 2462 1566 7572 9805 5867 1337 9865 9615 7153 8491
289 79 2643 4035 8716 447 46 9979 9600 8528 523 8269 560 683 5966 6280 9579 2668 3243 5471 6855 6071 6469 133 759 3545 2150 4156 3343 2526 8935 2000 7099 7396 1323 8928 5418 6581 5875 654 8371 3479 8578 4537 6567 691
291 7762 2555 7883 412 3103 8920 574 2426 3521 7206 7355 6630 3513 9991 1164 4647 1505 2979 7874 6785 2735 2966 1495 910 3081 3731 7553 1948 5112 8918 7457 3231 6960 2982 8221 3880 9777 9581 6398 3747 1959 9400 6807 1277 7198 6547 4985 8125
292 8130 7699 1117 4129 7933 9465 6482 6331 7053 3004 7314 469 8930 6734 1175 4071 1153 3319 6070 7007 7193 7056 3673 6748 6437 686 3745 7610 6844 5948 4636 1192 7739 6859 4866 5519 1697 2293 2978 9580 321 7517
293 6258 8812 4909 6611 7133 5826 5194 3731 3061 7688 8185 782 6949 1916 5801 4399 354 3064 1216 2607 575 792 7542 2781 5609 4939 6083 5503 3882 6752 8651 3895 964 4095 6800 9493 5009 4134
294 4326 4352 9615 3584 6889 761 1289 4801 3043 9191 7519 6671 7147 557 2943 7653 3723 7795 6681 8618 9351 6029 1464 1157 2155 6625 2972 8414 7259 5085 9646 6453 2164 6285 8658 3681 3476 2855 6919 7720 3079 3630 9947 4232 8574 9955 2866 930 1498 7 7806
295 6547 9270 5917 1750 5029 1375 4400 6790 4134 9014 1328 6351 5492 3673 6492 9036 910 9837 2538 6699 3364 9185 4680 8911 9755 9565 7952 2293 5501 6048 1067 8131 465 3157 8476 5301 9928 3383 2652
296 5848 9968 9461 5445 7204 4350 2019 4728 6281 3561 7786 9551 863 2475 4878 9211 2554 872 8726 88 4847 6669 3241 3914 930 7425 8290 6650 1987 9428 6616 7048 3553 5961 866 1598 3207 2902 4842 5054 1959 2692 2600 9205 164 1042 4091 3684 84 6327 4199
298 2288 8722 7296 3792 6778 3032 8116 6014 9107 5386 3700 8343 2485 5997 6748 1365 4786 5768 4970 1763 6696 6053 9965 7670 130 1292 2413 4752 132 2263 8015 9957 3963 5400 5247 9583 874 6478 5898 9523 4095 8570 6743 7432 8710 4352 9533 8994 9007 8644 7949
299 2327 2155 3077 6082 3103 8722 6537 7806 7874 3728 518 2437 5339 2650 420 5359 4962 1625 3784 5141 3393 9806 3901 2698 2002 5385 1933 1935 8854 1129 2546 6262 494 8307 8649 8295 9822 8754 2077 72 5389 9544 7072 6919 6285 5775 8880
300 8994 8005 148 2892 9160 6428 5580 4463 2739 7026 7653 7579 9354 2158 2198 2895 477 4951 697 4497 1056 1889 6525 9646 3393 2401 4879 8554 7364 9807 6129 6999 4429 9124 243 6608 8484 7029 5702 9993
301 1534 935 6054 847 3395 7 4558 776 7029 2175 2943 9219 5885 2902 4362 3842 395 2662 6699 7304 687 8188 7542 3190 738 5129 8919 8290 8628 2424 6438 6662 7116 4077 5045 1367 726 8179 7673 3079 5104 3493 3840 5798 5910 5214 7088
302 8722 9848 925 6161 9607 2630 3240 6465 5097 405 9834 9191 4660 7630 7948 3050 3498 3064 9586 9086 3241 7570 1852 5737 7023 5815 4081 6464 4698 2464 7790 6460 2343 5885 5492 494 7183 1319 6071 340 3309 225 1740 254 3016 3178 9522 9533 8005 745
303 979 4985 6778 8487 8116 9265 7751 1149 6331 2670 7569 8600 4528 4828 8593 3491 8058 3664 8912 5211 3630 9398 6454 5416 6748 3210 9803 3555 4898 8831 9521 4214 9807 467 5873 8427 1933 7777 4433 1373
304 4664 1752 4180 3316 2662 5448 4884 4728 647 663 6671 730 7486 6509 1665 5639 7304 7379 4093 7216 1101 1981 6962 4730 1528 2344 1948 774 3545 5520 1900 820 8455 8600 8836 2212 683 9887 1241 9667 9362 965 4365 9970 4311 2155 6404
305 1984 6538 9299 7736 4377 1289 2052 4400 7266 1496 9731 4558 1868 712 8776 8068 267 7029 523 2589 2263 4176 6842 1956 6817 6608 1705 8883 8251 8844 3664 3870 9352 3963 3434 7474 30 3623 2002 3651 1241 6698 5218 285 4382 4731 182 5581 5752 1572
306 7949 7883 3830 9903 2892 9990 5677 325 1358 2028 6251 1736 4507 9191 4348 3823 9337 6949 4628 6592 691 7454 9470 1137 3656 8859 9829 5234 5794 3863 1583 3555 7321 3597 1770 8304 2305 3970 7694 1978 642 790 7413 7732
307 7762 6327 5445 2175 9199 7795 8069 1625 7486 2533 5846 2458 8169 1791 4749 6549 9807 4385 3883 1839 4302 1123 4507 8340 1293 1130 7536 5897 6459 2260 6683 6123 4606 81 5818 895 9865 2335 8049 9476 7169
308 7652 3074 3012 7713 5446 1289 7456 6550 9720 9230 7806 9659 8022 3723 7057 5198 8814 176 8015 9380 7856 5477 6020 3220 9865 5989 8692 7513 5230 1942 690 5857 787 8111 1873 2662 2190 8377 4393 2107 3820 4092 1123 7012
311 3074 3111 1125 6029 3468 4108 2005 8883 4626 8055 5857 1948 6621 307 7290 2189 9669 971 4695 6863 9167 2676 5189 9988 2617 1259 9431 6298 4884 3726 3316 9260 4356 5471 3651 6528 5188 4106 3456 2071 55 6115
312 1238 9834 3371 3144 1042 5307 8498 8487 4071 7162 7732 1981 5767 7361 9555 6453 8484 1741 1642 876 3048 1336 6030 1273 1542 3602 131 1395 3706 7997 5465 5700 3657 6623 9591 5710 8810 4223 4972 2462 7819 9185 6270 88
313 2986 4340 6134 9903 6141 3104 188 6538 9191 9260 6060 2538 8539 7049 2475 638 3119 4222 4367 6615 552 8223 3243 6387 5589 6903 3869 6731 3434 7622 227 61 2256 7920 5471 1209 5784 6423 7513 6491 3230 2168 9094 5331 1874 4742 5802 7652 5880
315 2643 5458 1299 139 7481 1657 4034 221 2100 325 5993 475 9425 4156 6028 4843 4893 7521 2404 2693 7135 1504 9219 917 1495 4045 5780 456 857 7842 1638 6592 1550 3225 9089 865 1141 5609 132 4060 1535 1246 463 6447 6744 7678 77 3802 4972 3304
316 5412 7575 4664 4180 3106 2439 8696 2349 1391 6631 527 56 1223 6676 6955 6460 1139 1479 1248 6374 7072 2972 6354 8831 7038 5383 560 1566 1020 945 8089 4698 6321 6743 5407 9632 4439 4241 1471 933 2696 6161 7736 1984 9834 1299 6613
319 2858 2773 2439 5902 850 3354 6922 707 3092 9283 946 4400 2003 5756 1491 3481 441 7777 159 2454 8154 7396 8180 4796 3637 4117 3214 1428 8429 9703 6875 6537 79 9075
320 2962 2685 7296 843 7055 2898 352 4286 6285 9215 511 2595 8375 2489 6899 3607 7694 8931 1505 9398 6465 3656 8259 759 6499 247 1393 7965 9652 2784 7720 8287 9594 5138 6244 6234 7409 1124 4965 1192 5795 5867 6610 8343 6613 447
321 2962 7949 4901 4311 3584 9483 311 8105 1657 7267 5072 7629 7742 1223 4401 4282 774 7039 2486 6451 130 5546 6269 9451 8723 9688 190 5501 9330 8309 3316 4879 3748 3117 8831 6770 4627 2958 6627 5525 358 3164 6871 9560 9089 1150 2240 2288 7652 6635 7438
322 3376 2666 7902 8498 8794 6153 650 9940 2146 5849 4661 7254 5948 7481 6833 7023 1081 456 6853 2613 7829 5247 5607 6280 2189 9901 8377 8571 8579 7984 9493 7537 1807 8156 4150 3113 786 3447 1086 1623 4965 6827 3936
323 1731 7055 761 7899 8193 9347 1083 4069 8987 376 4027 8883 9800 5212 9733 4783 7485 1638 9684 6024 7318 1504 1281 8507 8780 9367 6567 7038 3474 349 2234 39 7154 6863 4397 1267 2147 1611 5437
324 9007 1105 7713 6458 1934 1774 2533 9347 5359 3537 6347 5288 8601 3567 3073 4230 3700 9555 4063 6261 2513 9404 802 8078 8414 8581 8060 1498 7049 6844 111 9594 731 1465 9435 4178 9789 1051 4972 4104 770 301 2164 1296 9480
325 6778 4619 6625 5122 1552 9260 8068 3728 3146 7423 6115 6281 8836 2676 1174 4159 8605 2223 4780 9800 1181 9498 7678 1071 2066 6765 5726 4514 286 1208 5565 713 904 3109 6001 2555 8491 6101
327 6938 1134 5446 647 4352 6534 3006 2904 8716 4558 2136 6528 9579 9947 7641 5400 4517 5768 6216 6336 9261 9712 2867 652 7163 7259 6453 9169 5429 9846 1807 7929 9071 1205 6412 6676 1574 1132 9065 2037 8968 6670 952 3836 8491 5340 9615 7413 9299
328 5880 8193 6827 8212 7234 4619 6982 2146 1981 1358 7771 4399 8690 9215 2760 1562 755 8146 551 1841 5509 5166 6415 4156 3331 6261 4807 5396 1985 6400 3495 9667 7117 1397 1103 6715 1835 7219
329 2962 2643 3521 2437 6712 719 6899 4967 8528 2184 221 2978 557 3195 6978 9485 2842 2123 9480 1579 5772 4730 220 1741 9548 7350 4342 6861 6949 66 478 1678 7069 487 699 281 6656 3672 475
332 9990 4909 7001 1383 9178 4786 719 1149 6528 6281 9347 6360 7280 6216 1822 5504 7193 6464 1904 4245 8987 7630 7087 511 7634 2737 7347 3383 7833 3080 1295 7069 3664 1414 9311 2227 425 7586 2782 9273 7733 7131 6954 7064 9152 1496 8935
333 7883 6547 1121 148 9265 8284 5003 6635 4463 6134 951 2327 267 4539 2064 6351 3537 496 9083 4645 7216 4828 6842 6198 8566 2693 6931 6484 4822 8465 5177 8142 2000 6705 9740 3066 7373 7090 7975 7004 5525 3562 4450 183 3586 7864 84 4176 1979
334 5307 7852 4787 5887 6281 2600 5295 5921 8284 2565 9337 7653 9608 5740 5349 2414 8344 4520 5067 9407 7221 9377 6374 7960 9803 7260 6810 6269 9645 5525 2116 2911 8719 6825 5309 2721 6390 3877 4020 8716 1353 7902
335 2986 1979 6778 5099 3377 6030 7759 6470 1454 6067 1328 6360 6187 2662 4180 5997 1383 7688 6550 7606 475 2183 7347 7410 3326 3203 9192 8693 5520 6484 7526 6871 2741 7351 8816 5645 1277 1282 7409 6860 6507 1273 3044 5443 4785 1939
336 745 1979 9404 8512 3089 3363 847 4558 2513 3163 7933 6790 8092 2424 8618 130 2589 5105 3305 4230 1281 2125 703 7064 8106 4077 6587 8342 5833 4397 4175 1227 9583 8400 83 7135 7647 2986 6054 3885 205 9139 7296 2 7153 1105 8431 9968
338 2962 3584 4985 6161 6014 6465 511 4958 7105 1150 9579 8174 5401 865 2327 2458 857 5451 9640 8135 8836 2611 7653 756 527 7888 5316 560 3656 8710 8859 1869 4739 7146 3044 4359 9352 1036 7012 372 4645 7095 1040 3520 6954 6855 8713 5962 8994 8671
339 1343 1557 511 9032 2100 3757 712 8958 8210 2670 6226 6588 8713 1479 8814 176 5523 4780 1560 7568 6717 4212 4580 9435 9800 5700 7459 5166 2032 2512 9109 5386 5910 2376 9152 834 2692 708 687 1670 8248 3074
340 2340 4314 1134 4176 2288 7883 4341 1763 2904 6153 4170 8396 8841 552 6391 4269 4765 6986 454 6829 3468 1869 246 1293 9713 9435 7622 3666 670 2465 1737 731 5534 8405 1075 7447 1538 4731 4972 4493 3498 4628 6588 7333 9315 4393
342 8116 3936 1042 2114 6170 9580 8078 2003 2662 6453 4645 5636 9085 8797 6625 7733 2321 1997 866 5258 528 9187 8800 5520 145 4324 5833 822 6670 3515 3910 7831 9397 6511 1195 1774 5848
343 6134 9023 6982 8068 3285 4558 7771 4352 4134 8022 663 4345 2005 6978 5698 2773 2739 1702 9807 6469 4907 6511 7146 7049 8053 3225 8257 7233 2902 9085 9283 5604 4584 4106 1929 3025 4591 4249 6225 6701 5910 2203 6034 6651 3012 3023 4531 9013
344 4901 3758 3521 5248 476 776 6327 8396 3513 5898 6482 9688 5964 2760 5639 5288 9598 5005 7755 6592 5138 133 4658 2458 1741 6727 5933 2307 2239 131 6137 4159 1097 1231 7885 1156 7459 5565 1020 276 7146 5762 1534 2666 6613 2327 9848 8716
346 3074 1299 6537 8293 76 7517 2870 4501 1125 6744 8618 8008 1710 9215 2569 2739 9086 6063 4107 6073 3869 1449 5390 1106 3172 4771 3174 2711 5467 9521 3603 987 7848 8978 8636 5621 8056 9964 7037 1319 5989
347 3584 7997 4340 3543 2114 6296 9510 5979 6545 707 457 7956 307 834 8812 1916 5572 8918 254 1912 5756 8205 4807 1273 9124 7457 9964 5085 7314 462 6326 3309 1624 4407 9692 7291 6739 4815 9806 3936 7949
348 7240 4855 6938 9199 6467 6547 1557 707 4501 5783 1868 6428 2136 9107 133 4958 4045 7519 4749 4180 1430 834 7744 7742 528 3307 295 4797 2736 4647 6332 5054 6748 4888 6495 2810 7126 9640 8594 7820 7056 6503 8516 5793 1220 7807 9789 774 1770
349 3936 5880 9930 1774 8470 3077 200 2349 6095 3944 88 4045 2760 1252 2867 3022 7606 8081 7948 6413 7861 9654 6332 5477 8904 6144 5674 601 3697 4086 6861 3750 1364 5389 6087 3547 3064 6434 1711 3110 2499 3672 7423
350 7652 5064 7545 9467 719 1710 6687 3835 7180 4222 367 2491 1066 7688 9391 1740 6464 9940 246 1580 6254 7185 5502 8106 3540 9025 2382 6438 8453 9646 7105 4223 8183 5468 4614 7363 3049 1980 777
351 979 9013 7206 1647 552 991 5862 6608 4923 1358 7438 8069 6054 4647 8462 1121 4056 8251 6251 9463 9652 5660 4037 395 9120 985 6073 4504 2783 3268 2624 2653 6336 4324 6095 6195 7173 9605 9202 5661 3772 5126 2552 7458 2858 321 4326 5869 8644 427 9968
352 9968 5715 9244 7883 6021 6584 6296 1557 4286 2790 6899 8233 1625 3395 1831 5270 8609 6385 8344 1339 7948 774 4661 726 7742 2458 5322 2030 2617 310 4081 2828 9172 5387 4548 4168 4774 7350 3195 4628 56 2403 4356 8612 4129 7280 3681 4491 7442 1510 8116 5698 3894 6547 8043 4901
353 4199 321 3543 8406 399 7240 9461 6458 843 221 4362 2485 7586 3427 3498 4884 8167 1396 6762 4068 8775 232 7513 1593 8908 6509 1948 3244 110 8614 7135 7477 9352 2416 6758 6833 9152 2318 4628 4880 2885 5923 9478 3043 3936 7438
354 9533 2555 7852 2790 3144 847 6920 569 1348 5163 2595 2345 6785 3064 3792 5979 5386 9637 6073 6139 1353 2000 9548 4974 6729 8601 9444 5413 6477 1799 7254 1310 9742 1858 8331 455 5604 3276 9364 4055 8345 4415 5801 8985 8425 1133 2570 2112 1737 3020
356 4326 7429 6712 4151 6306 7012 3784 4531 2651 2595 1305 917 7243 1570 468 6671 5433 8015 6415 3025 4888 4047 9505 2894 8658 8743 6129 837 793 737 8256 1095 6184 5872 2806 7049 625
357 7413 6030 1534 3830 3586 2630 9013 9903 2128 2600 2209 9659 6550 9955 3932 4628 3498 678 9917 4280 4670 2292 8220 2325 7179 687 5980 6175 3088 8688 6416 1408 5045 3479 4695 7391 4497 4788 4520 1051 1839 1512 6588 3163 1134 412
358 3836 8722 9265 5917 447 3004 3961 8896 7795 246 443 4912 545 4639 2085 3723 4974 7485 6413 3005 8998 5301 4066 1044 6717 9982 1498 3290 5466 3946 836 6587 3386 5872 3441 3935
359 7413 6986 5848 6170 8907 5821 9669 5149 5099 7629 5033 2125 7610 8830 9027 8566 7210 1641 425 397 8131 8396 5112 1898 9337 8579 1835 3653 4310 8109 7146 4333 8931 7423 5889 3835 2917 4541 639 6669 518 4065 3120 9898 4367 4060
360 6030 7709 1343 4985 8812 9008 4286 4180 5029 8307 6486 3961 1454 1611 8600 4639 7280 8487 8220 5155 1365 6139 7586 7423 8628 3576 7728 5566 6022 9544 6499 643 1043 4733 9173 1292 4731 4379 6140 8930 2884 6176 7652 4728
361 1668 7120 9834 7240 7219 5788 4948 3703 1580 8922 2491 7932 2518 7454 9836 774 2910 4401 7688 5500 3092 6643 9085 6359 30 5150 61 5802 7659 5503 5948 2797 6752 731 4924 9580 2396 4491 6086 6618 816 1809 6827 6404 5437 847 6920
362 7762 259 8711 9848 8470 4728 8212 838 625 1256 8812 7 5097 1383 7845 7012 9347 2437 3158 9444 8423 8685 4034 5288 3393 250 3869 1498 1252 3207 3675 5702 910 7948 5304 6532 7683 5155 1364 2475 9464 2464 1933 4893 9540 4730 5185 7260 1918 9311 210 712 7432 1293 8429 6100 3427 3074
363 6101 6258 4985 8227 2413 3043 9777 8193 1900 1043 6254 374 774 796 7459 8455 6729 9295 3714 5214 7048 1540 9027 141 3642 7212 8258 2906 8452 1116 7477 1736 8622
364 979 6692 6920 3113 7 8599 1091 2437 8092 4886 5251 1058 4784 7333 7474 524 1083 8883 6100 7050 2171 5212 5775 8418 8256 8078 654 1515 6011 3486 7772 7347 4923 1471 3309 89 9858 3141 6567 3225 3259 3561 9753 9317 7085 4234
365 321 9533 7699 352 745 1784 9374 8068 6785 9114 2651 2349 6324 971 4203 329 8078 8671 4286 4783 8405 7568 663 7733 3362 6301 6102 1265 1352 7585 9208 2305 6326 8185 8168 6939 4420 698 3895 6843 4945 4367 427
366 9224 2704 139 84 4526 1657 7782 2699 6044 2569 8609 3432 9688 7744 7026 5112 977 2932 3853 7751 4236 6201 3465 7350 8531 9521 7302 860 7099 3463 7598 6218 7536 6418 5732 9667 8995 889 776 985 9368 2182 8344
367 7699 7240 5412 1117 838 780 6611 135 221 7200 1121 9955 8227 9979 8150 8053 6903 8506 6115 513 9669 6778 1175 6296 7912 496 6554 3434 4230 9133 1219 5188 8995 1581 8684 9971 4397 1154 4358 82 1452 1363 6479 3089 30
369 9244 352 8130 3144 4311 3602 5099 9023 5029 1571 843 9464 3981 6970 6790 7146 250 2611 7200 3795 7219 5359 3229 2917 1085 3025 3699 8027 6486 343 7631 2634 3603 5785 7379 6184 871 3007 3109 3167 3637 8784 1273 6101
370 6101 7120 450 6778 4527 8498 4728 8105 4362 8248 7234 7987 9903 155 9219 7077 2346 640 300 5005 5003 4345 6895 6836 7742 2383 4203 9607 3236 5777 670 9461 6377 8583 6643 1273 3811 1839 6547 5909 336 6040 1876 8031 7526 3278 130 6809 8743 7709 6082
371 1299 7736 7732 1429 5193 9443 5088 5251 4180 1736 2607 1554 7379 1665 6705 177 247 8579 3576 6409 6387 8612 3465 3976 6913 9083 2805 1129 5836 2237 6698 9065 6903 8574 6423 3540 356 6248 4302 7085 1790 2666
372 321 5775 732 447 8663 3377 8910 7519 9480 3240 3784 3842 7304 2176 2383 9464 5710 7193 6301 930 6511 6046 9551 2745 6070 6175 528 8784 8313 5038 5501 1624 9025 4260 783 9315 5379 10 7095 5459 3937 3638
373 8125 4624 2666 2615 1710 1601 3050 1868 5251 5966 1552 780 7087 2699 443 8185 9733 9931 7210 9453 9970 8081 9169 8167 3022 5295 9238 3241 9751 6786 6453 372 9605 1389 5895 9904 5373 6537 699 8582 8124 1585 3901 7435 3 8077 1299 5340 3074 79
374 7133 3077 8498 2615 1091 8841 8325 860 9822 6226 2902 2274 6771 538 4893 3630 7105 9470 4959 2670 5735 325 7243 9352 1719 3044 1962 9829 1562 3880 1339 6130 9498 3596 1290 5443 4349 1644 4807 550 6134
375 2340 8069 3964 5003 2264 552 4234 523 1774 6492 8907 1790 2611 220 7630 8690 2192 5645 5295 1175 9576 3463 1734 9704 1430 3106 668 3714 2792 3244 5815 9652 8562 3987 5230 5323 7956 9609 1705 3784 5005 3256 3547 3345 6045 5605 9713 9374
376 5437 1117 2533 5451 8105 221 1287 9114 6889 2005 4068 3561 5019 3184 6071 5752 6855 5583 7180 3383 5604 3841 5138 9407 5359 1515 8124 4418 9957 9898 9087 2444 8419 2692 110 1040 5129 2670 2465 159 7991 7244 7216 6445 9129 3894
377 979 6547 650 1145 8062 6482 1391 7864 3113 6772 7899 7641 9518 3371 3408 4168 1515 4923 3285 6095 4341 5668 2603 5193 8883 1137 6744 9085 1702 670 8692 4106 9451 517 4159 5638 878 4063 8290 6130 8031 7542 1839 2423 3748 2741 836 8423
378 2121 352 8711 5507 6778 9483 6141 4526 8618 8174 8257 1504 4021 4081 7938 8294 8363 5995 5333 1036 3576 7889 7696 8702 3008 4811 4260 9995 1205 4661 3153 592 9364 9898 4015 1452 1139
380 5715 3758 2704 6889 6067 2413 5656 1571 457 6029 3079 7771 1289 6785 2979 1164 9010 1831 5349 3089 6770 5740 8883 9640 9436 3007 2692 1860 2615 9132 2543 5178 2730 102 4983 9440 8614 6616 965 474 7526 1185 3894
381 3877 7438 4352 8406 1625 6285 4728 3184 6360 8332 9465 9191 3541 1216 7790 8651 3051 3723 3053 3101 6698 6729 2740 9025 1534 4348 135 3942 9133 8054 30 6526 8282 9414 9325 755 5467 6861 956 2994 9907 3718 1281 1296 5552 9892 5715
382 2962 6672 5437 1125 7413 9215 9990 9483 3043 5029 7899 847 6470 1083 7481 511 5810 5921 2209 1504 5772 405 4717 5710 6451 5492 7586 247 9836 3022 7259 2608 7293 7126 7896 9815 2750 8686 2010 5798 5660 1212 7364 5548 1327 6925 6234 5097
383 6082 6134 9930 116 4539 9138 1956 2136 3784 876 9114 5401 2209 6631 9555 5895 3491 3376 7749 4308 6469 9290 9621 1762 2223 858 3386 4916 9313 372 7142 1204 5961 9309 5713 1206 4705 3343 5171 937 3839 5126 8084 8539
384 3158 7049 2662 3869 2409 9404 457 3125 7806 7349 7725 4230 6149 9031 7845 2003 1242 3408 5104 4507 6675 3963 9548 842 3119 8899 4871 5982 5755 4198 3798 9248 1142 2030 9132 7165 3935 3154 865 5566 935 3936
385 2962 4664 6161 8269 5163 3731 1731 1552 7795 6676 7880 8106 56 8450 8693 9040 4433 6677 3434 4884 3135 6953 8027 1495 9348 3976 712 5061 5429 131 8223 9921 2486 4238 5309 5509 3227 1056 4844 2790
386 3584 2615 6082 1353 6020 7 8848 5543 3781 1238 8883 221 5492 4234 813 1761 5129 7023 7429 5520 7459 3061 3403 1153 1940 675 1430 8928 8748 6727 3269 993 9652 574 7782 6030 7740 4462 4816 4175 7556 4984 2697 802 3304 7699 7762 8387 5437 5715
387 7153 8722 4728 1956 8069 4539 7193 9933 2673 2263 2209 5849 6771 6351 4784 7180 6671 6922 7361 3726 901 5413 9380 4156 1329 6376 5429 8832 1665 6137 5980 9623 5704 8106 2569 8935 3268 1085 1661 1393 4755 5716 5171 3048 6400 3717 7259 7429
388 3521 9573 6082 8284 2175 5451 3936 6550 6611 7200 5866 6099 2735 8233 4517 638 2030 8269 6669 7347 1020 2060 218 8507 8439 2741 7153 6351 8352 4680 6699 9368 3007 1939 837 687 4569 2855 9135 163 3666 5771 5658 2962 2240 9968 9533 2121
390 2 7919 9003 5451 6482 6765 4923 3781 4948 9703 1405 6554 8428 5523 5234 1336 9515 6391 6982 2265 8552 802 9805 945 4365 5295 3005 5813 4342 3476 7331 2070 2302 4797 790 6802 8125 4985 979 4020 9007
391 9007 935 4326 7791 7219 8907 395 707 4045 4828 2139 4345 550 5003 2818 1195 511 3331 538 1642 7740 557 8027 1248 686 8918 2846 4584 6984 9025 1935 5043 6869 3656 5690 1593 9065 7521 2286 3456 400 9982 7694 3074 4728 2114
393 2 3894 979 745 9224 5326 6534 1670 7429 7992 2699 2340 5902 7569 6771 6903 9551 4971 5710 2676 2817 8217 7163 8157 9807 8904 6254 865 3923 8028 1858 898 3998 7782 4106 1292 7526 9912 7165 991 8270 1834 703 9414 2693 6100 3982 6538 5445 427
395 321 3111 7968 6170 5752 1091 6360 9443 9852 477 5177 5462 3584 5756 8507 1761 7050 9892 6622 2001 5054 8167 8729 3308 4549 8856 2604 6477 5668 1449 2752 8822 7154 9091 7045 6298 182 646 3172 8716 2555 6054
396 569 7732 7806 1216 9023 7751 7474 951 6292 9822 476 6913 4517 3079 783 7101 6387 9758 108 3268 8601 4365 3343 732 5054 3528 933 5258 5387 930 2598 5607 4244 8532 7513 6302 206 3755 4481 6100 4245 7929 7709 3103
397 7699 2288 745 9013 5677 2704 2983 2349 7992 4045 7050 5810 8593 7053 9107 1831 7929 8896 4997 3434 1523 252 3089 413 5961 4470 1794 5816 3588 7618 9247 9858 7779 2077 5309 8809 6046 5547 3244 5448
398 3163 7055 1979 4341 6187 4539 200 7795 9464 4134 3509 2538 2414 3393 7206 5662 5698 5492 6836 2182 5946 4313 9551 8233 6438 2052 3969 5659 6139 8583 4699 5995 2923 675 3275 6283 4464 2070 9414 2062 1310 5323 1962 3203 1216 3386 135 4035
399 3144 5340 8498 2662 5248 5788 5193 8756 250 4343 6281 7987 5038 9114 8512 2486 4639 3243 155 6770 4069 1354 5365 3539 575 5737 985 6526 1579 4212 9238 9892 5747 3165 2764 1987 372 3210 9780 8605 81 3634 9444
400 1984 7055 6054 9453 3285 4801 4912 3513 9720 2109 4134 6675 7252 2615 707 4027 6503 5006 7210 6676 8907 896 1512 8195 358 7984 9885 4212 9086 4804 5531 3362 4367 4760 2037 6683 6851 7631 1465 8798 9332 455 3603 2552 110 9259 6100
401 2413 9086 2847 9688 8907 7474 5583 2679 8958 7162 7426 3758 6226 6687 6477 3163 2475 2203 9961 9757 2856 4780 1984 9655 4870 8985 9755 5323 3425 5258 4271 3005 5105 4973 8265 5800 5872 9384
402 7413 6044 5326 2349 4350 2790 3869 8685 9777 8210 6631 7629 3184 5866 1174 5063 9579 560 218 733 6477 9487 8259 3226 1997 4470 2818 8340 8673 5408 5747 1610 9047 2037 6759 2746 6718 3479
403 2555 5880 6258 8644 9075 3232 4531 9160 2904 6611 9086 8235 5097 3104 2480 1430 4356 2064 4423 4828 437 2322 2595 5710 6650 3047 3079 2979 3839 5780 6198 9918 8248 8844 4450 6074 7965 7183 1132 6928 3963 272 8036 3582 8800 164 4636 1282 1500 4286
404 6547 7285 3981 5507 5643 9023 7355 8332 638 1176 5383 2513 7050 5288 6305 4134 8418 3203 1293 2979 4494 385 6369 8894 1310 3236 8562 9598 511 2232 4951 2269 862 8628 4203 965 3255 6415 9357 5309 9137 9733 6921
405 6327 9903 8910 8193 311 2128 2943 8431 9050 6895 5964 9215 7929 8609 3172 7210 3823 3240 7101 8195 9703 1686 8423 1504 5038 4414 8533 3173 8295 5515 2237 6544 1332 1794 6301 2097 8894 3840 8870 8290 3909 6913
406 5412 1117 6049 9990 3004 9013 7133 6029 3106 3521 6071 7198 2095 3926 3837 5234 8776 4180 2577 9586 6464 3203 6499 4517 3603 8270 8081 3476 9666 5899 3147 6343 610 1878 221 8377 5348 2017 8204 5555 4896 3961 9933 321 8387 1343 9265 9199
408 2121 5437 4176 6778 7240 4377 4400 6447 6280 8896 3073 369 250 8345 7126 718 9261 1242 1705 3356 8728 1613 3914 1997 4342 7922 6898 8710 6087 3880 7216 3895 400 4056 8668 5738 7325 4946 767 3533 1770 2902
410 4901 238 5869 7759 3586 116 2491 4091 9467 7786 457 2485 9709 8883 8414 8693 2699 6401 5946 1510 7525 2741 2797 2165 5630 946 6747 8074 4286 1472 5109 2325 5834 871 2490 6752 4054 3936 9903 9270
413 9968 6141 3232 5341 4909 1091 8649 6817 3835 5636 6739 8027 5277 9283 1542 7146 1265 6292 3882 8522 2951 9464 9692 8223 9205 2176 3319 8816 5098 6631 136 2570 7696 1533 3188 250 738 1757 5112 5437 321
414 925 2 5326 4647 7087 4399 2349 8907 6236 8267 1939 3052 5826 3932 8686 4698 7749 6226 4159 4232 2462 4214 8601 2483 3582 8071 624 753 3637 8556 7671 5696 6257 5947 9822
415 9968 7883 745 9903 9224 9270 6029 761 6744 3432 2518 6785 7615 5304 133 2569 4679 1167 5471 774 8470 332 6285 7013 250 7519 1962 2972 7742 8268 4308 1031 9522 5655 7064 10 9764 2736 6525 9843 5117 7253 2798 5514 904
416 9007 3982 3830 7852 6584 1496 6672 2790 2437 541 6306 4619 5304 5383 8269 8106 6731 1852 8634 219 6400 2426 9181 8405 5365 9443 9787 5969 4367 1425 7318 3811 5907 6166 7356 4870 8922 5728 8231 6479 663 5072
417 5064 9265 238 753 7429 116 2158 5254 4302 5548 6100 7519 545 2109 9775 9192 7895 2256 469 4203 9990 8733 5042 7018 4280 9604 3416 6790 4924 7117 1130 3609 5756 771 1773 4929 7948 6567
418 2327 1238 9903 4027 4884 5097 3541 6153 1986 3251 2209 3842 9795 1242 2150 9633 712 6251 6102 6075 4749 4844 4057 783 7474 8343 5885 5416 5668 3262 1932 4069 9451 6544 8743 2760 324 1339 7889 211 5623 601 2185 4004
419 6547 4985 5307 5962 5099 3158 7795 105 1476 8248 4787 8539 1601 7029 5038 1736 6802 951 7180 2958 6355 5902 6387 2349 7068 2857 7064 7396 3043 3405 670 3220 4437 485 2760 6385 9008 7509 496 6627 2994 5108 8306 7075 790 9206 4692 2887
420 1668 2643 7699 3077 6153 1750 5053 1353 5607 2583 5862 2818 9027 513 1293 2189 227 7599 7183 3889 6949 5194 7631 5090 219 3454 4691 7868 6198 5660 2247 1393 2304 8058 6191 4345 2857 5069 4280 4497 8361 2712 4399 2810
421 8431 4679 9107 9993 1216 4528 5966 4786 3513 5383 1986 7050 221 5155 6511 2876 3146 863 2060 1091 56 8441 5434 2109 7786 4106 5838 9619 9742 4216 8636 7038 9268 934 8798 5942 5700 2234 3433 4079 6453 712
422 2240 6021 4624 8116 2052 9731 105 6650 7012 9623 6028 7210 5033 2652 132 7459 7742 2292 8787 9208 898 1523 8028 9865 4797 1336 3497 2112 9878 7525 264 3479 3103 603 904 4257 4004 9720
423 5869 9347 9933 9349 6391 90 5981 5030 2192 5288 3612 207 5737 523 6698 7602 5605 7771 1510 6604 1721 1734 1106 8462 1358 8122 4077 1920 7259 9005 6223 871 6144 145 5730 7353 6549 1476 199 6538 979
424 2240 935 7438 8832 7759 6296 7795 4752 2569 4965 6100 6250 9757 7788 1066 8109 8841 4214 867 4606 1504 834 4805 9370 1939 9901 7622 4047 1917 9174 6851 7889 6408 2474 6129 9871 6476 3675 9015 2607 5014 7713 625
425 321 1979 3758 3111 84 4624 6196 116 4423 4045 5775 2439 7206 7751 496 4252 5849 9205 955 3186 5607 6385 2171 5502 3226 4282 2232 5772 4108 3409 7694 4280 8690 5141 2857 6696 3053 5122 8891 3154 8859 376 8044 8377 836 9247 6320 6871 738 7706 7606
426 7153 8125 6327 3982 1105 9930 4340 5326 8130 7791 3146 46 4286 7355 1216 675 133 8599 250 6946 6332 9032 7664 1750 4071 9551 1799 2002 247 7078 1904 3513 5993 468 8176 3454 131 5228 3408 6416 1157 6163 1628 3453 4755 7369 4974 3714 5989 1849 1311 9075 8431
427 2555 7153 3144 412 9299 7751 4531 6687 4437 6447 7026 6251 5849 1150 2870 3491 557 1336 2344 2444 8340 6261 6717 4995 9885 8566 3651 6961 8978 950 5917 4946 1130 8533 3718 5831 456 1762 9825 4264 1292
428 7652 8116 7669 6153 5307 7193 1560 8332 3119 8445 7787 2927 3865 9040 2260 4302 7845 5981 8269 2983 6250 6588 930 4234 1515 5509 3226 5247 3285 8579 2578 2247 4077 6727 4636 639 8998 6015 2526 8649 1793 6650 8251 9609 7657 5831
429 1984 1534 3521 6187 6029 3509 5880 8599 9032 6737 3160 4362 5163 4378 2739 6369 9669 4004 9380 1868 541 8533 9822 8441 2256 9273 1259 145 2344 6400 5482 5230 716 883 9878 6365 9296 7634 3486 3309 9152 1904 5254 8307 6270 8387 7652 6613 4527 5677
430 79 2986 9615 2 7902 9160 135 7206 2005 7756 9347 6549 6621 9551 7077 7367 8775 813 5896 2010 3051 5448 6321 1183 7199 7477 2871 9025 2107 3233 8193 6451 9969 1142 3925 819 9414 9273 4541 9164 8729
432 4901 5643 4340 2013 9404 367 9669 6528 8104 1358 7210 5163 6391 782 155 7355 9965 9496 2583 58 3102 3989 340 3409 9086 6460 190 2318 9174 3362 5656 6330 1336 8814 4378 2147 8842 2191 2906 4310 2278 1315 44 8287 6829
433 2962 3982 3885 238 9903 4855 9197 2773 374 1145 2533 4624 2475 6621 1123 8105 3870 5580 4282 2932 1512 2607 4680 3241 7856 9586 1091 2792 250 9518 8891 332 2589 668 872 6515 9060 7041 2540 6057 4842 4133 9414 4245 5068 8005 7852
434 9301 9461 9669 2870 1546 6447 8618 444 7234 4760 6920 2611 8728 652 8958 6486 5846 6347 2857 5780 8814 2444 8069 2345 9444 139 3865 7078 3795 6360 3362 3326 3077 7202 9391 9735 8029 8008 210 7131 1276 7459 8700 2711 7771 2064 7549 804 9273 145 2422 9244
435 3982 4314 5869 3753 5099 9265 847 2128 420 4558 1066 7379 2870 7050 3093 3597 3841 6403 7513 5211 2010 3128 2343 4658 8508 6539 1624 3326 860 3056 8874 8400 8789 1531 9182 4954 9359 2019 8121 1043 2533
436 4340 7709 5322 4170 2052 6082 9461 9086 2121 6270 7085 7087 2184 663 1391 1405 5365 4093 7221 8985 6960 7485 829 5933 1436 4730 7290 5316 6283 8428 1227 8920 9798 8465 3498 8723 2894 2286 6222 3963 4946 2489 8377
437 3981 221 8907 76 1607 6280 444 75 6236 6226 177 5193 8109 9463 4232 8030 5129 1948 686 9376 4717 5085 1721 9248 7293 7585 9988 4333 2389 1658 6891 5109 7095 6406 2474 4148 6134 8193
438 9968 9842 3074 2414 1134 8235 5341 5921 712 5448 1246 2927 2679 188 6652 8713 2212 8814 1145 6187 4528 2554 770 1916 2990 756 2661 6880 3784 4984 7212 8896 7851 7536 9540 2037 7978 7681 8092 6923 6174 3235
439 5880 6986 8830 116 3240 2673 5964 6744 2345 2870 247 2760 3528 8566 9259 2146 6588 3051 7349 7243 3937 1391 2320 269 8911 6418 7922 8451 2474 2863 6946 8571 5815 2745 439 3023 4345 2246 3547 9376 6130 3007 8307
440 3584 9129 7053 7864 527 6687 8145 9510 7861 3050 3751 1942 3160 1176 3172 2768 1852 7856 1912 8600 8185 8985 3795 3853 4698 6445 2483 2156 5433 1242 9330 8900 9071 585 4282 3901 6952 5301 639 790 9276 1542 9032 8491 8293 2704 205
441 2962 7791 9129 9023 7992 9842 7630 4314 1868 7267 7204 7511 2058 5029 9137 1728 2239 5500 538 6102 2412 1898 7971 2805 9551 606 6262 3072 755 6423 3056 8081 9697 1705 7435 3465 3520 9742 5440 871 1809 3728
442 979 9842 8193 8711 925 5677 6458 2322 9677 2857 7932 7610 4399 2554 8887 7740 9933 4043 1042 1761 9871 1889 8508 2244 8831 2580 7788 2411 1044 8939 4211 9722 3060 239 1414 9428 5216 8089 2760 4341
443 6613 2555 9244 3783 447 8284 4311 420 5239 1739 7486 650 1479 7057 8726 6677 5726 4692 8167 3714 3305 9632 2607 1085 4847 5509 4071 9407 4077 4060 2107 4661 5335 2275 7056 6260 110 9904 1796 6750 3864 6387 3923
444 447 4664 9573 9075 9669 5887 1871 4134 650 1139 4437 9050 8797 9114 8121 6675 7922 6549 7206 1562 9637 132 7740 4317 6198 6460 2867 4414 675 1784 3926 6652 3864 8060 8782 7123 8912 3963 4497 9080 564 4866 793 5132 4633 3108 6369 6101 5715 8130 3103 8644
445 259 8711 4311 9713 3106 3376 5838 5656 325 6946 9139 7599 9604 8958 2060 5253 6903 3463 3664 9398 9640 5980 3612 8455 3434 5605 7602 5301 792 2884 1966 871 3368 8569 3727 1276 5433 2232 4442
446 6613 8293 7736 9931 5156 1125 2768 4034 583 9040 1739 3757 8728 5656 3961 9758 3379 8506 5033 1822 8017 5433 5500 2970 7304 8282 8904 2203 4645 1295 7536 2696 523 3684 4898 365 5401 5969 6115 1441 9510 6370 1112 8031 6313 1058 2555 8498 183
447 5748 5307 5326 8832 5445 9036 2979 1287 774 8251 7842 1611 8775 4367 5964 6669 3251 5433 1348 2464 1719 3607 7069 1839 6130 6931 6020 7604 2865 3837 7970 5333 8870 2002 3538 462 9892 1855 6341
449 2555 7575 5762 2146 6797 6895 7519 3784 4151 2583 8218 4923 9795 3528 6502 2978 7183 2150 4230 3463 858 1933 9167 9133 9409 5735 9621 895 9505 2496 1056 5409 3813 9431 9094 8313 2008 5245 199
450 9848 2155 3982 4151 6153 7874 9040 5483 4988 325 6073 8484 6771 3630 9720 2383 7880 4286 5502 2857 4783 4385 7243 7072 9576 5492 4011 1638 7314 8358 4081 1181 7200 8256 5193 9787 8628 1583 138 8677 6507 5922 3808 5062 1356 3533
451 4824 9013 7077 3146 267 8259 6347 3835 3491 9260 4317 9290 2003 5400 5993 4780 4928 783 5401 9027 8686 1702 6584 7147 7454 310 2274 4684 7260 6666 8986 5389 3820 6717 1593 756 8931 207 6362 5654 3345 643 7733 707 2673 1710 4531 427 8711 7736 2904
452 5880 4901 8644 7285 2327 6465 4377 9086 7204 2707 6454 1831 5090 6115 3496 3393 8618 8344 4890 7243 7987 2617 7039 527 2982 2910 5467 7868 676 4771 3015 4941 4342 3967 6616 4337 6924 9704 6427 4742 4951 5080 7087 5885 5767 8043
453 7699 6134 395 2704 9107 574 2158 9299 1647 4011 7521 4107 6739 8344 279 6102 9351 9637 4108 4310 2016 7278 3159 7321 5674 6495 2538 9505 8918 3 9449 3539 737 7536 8908 550 9887 9115 8532
456 9244 6134 8293 9270 199 6967 9265 753 6920 2413 2679 399 9008 2943 9800 6817 3331 7698 7049 3731 5899 1798 5772 5019 9632 6445 2923 176 5966 7541 7233 668 4433 564 2542 5836 559 6487 4086 8918 9711 4742 7572 3757 2323 2962 3783
457 8491 6327 1984 5748 1353 8043 7997 2155 6467 4071 1375 267 3792 6447 9933 1524 7379 4350 5580 4928 1079 1986 456 4660 9436 552 9290 1464 7683 3653 4241 6195 4093 4249 7772 190 7673 3520 9684 7665 1806 9368 4730 8793 8858 5651 468
458 7652 3012 6938 9930 9453 8212 843 5917 208 8580 374 6470 2349 6100 7077 518 2263 5030 8189 4941 8733 5104 2943 9604 5349 1153 5138 2699 4842 1157 7696 2932 3923 2543 3706 1181 4916 9094 6622 4102 7367 232 590 72 8598 239 1134
459 3074 1984 2704 8209 2422 9979 8307 420 4679 5043 5339 8169 9219 3750 5662 7782 9600 6281 6687 5896 8844 3319 9580 2002 7643 8700 5526 9666 6369 551 2707 1367 372 6377 836 376 5565 3520 9135 1609 1436 8639 7141 7456 6071 4350
460 79 7883 4340 5445 3106 6470 8307 8728 4437 4639 2752 7216 2842 8142 4004 7756 1779 1227 9789 3672 3839 1916 6163 2650 9313 4537 1290 5383 7775 1601 4766 7361 3657 6730 3022 6321 5658 6258 4765 4539
463 3982 5445 5156 6967 2114 7367 5194 250 5386 3102 6250 2577 7960 4091 1345 9655 7787 8499 6175 1554 6767 3823 4285 6978 871 1855 7459 3897 253 2539 5067 7752 7009 6966 7569 321 5880 7120 6547 925 9545
464 139 4341 8696 9579 5295 9758 5448 4060 3869 5656 3496 4450 1641 8649 2661 1287 8887 365 5668 4529 8074 2739 5784 8245 8888 7771 9323 4816 1796 8585 858 3101 2519 8417 7979
466 9848 3371 8116 8140 8235 6712 5194 2892 6855 7751 5141 325 7367 7068 7280 3163 3125 3089 6400 5212 9646 7842 9555 4684 5254 4670 2101 4988 8874 8516 742 3005 9499 8054 7549 22 767 2320 3745 5078 1959 7795 6046
467 6482 1353 4027 2121 2437 876 7206 1790 4222 3792 4345 843 4069 3926 7320 8836 6631 7123 2979 9988 8069 9380 1579 2932 7744 1276 9218 9807 8279 1651 2740 4439 9995 770 2382 5396 5525 6680 1779 8338 1859 7519
469 6538 3830 8812 8830 3541 4311 7049 8183 4317 6073 2346 3950 5580 3022 1465 9230 4941 9476 5636 7392 912 1877 1223 9480 5660 1157 5756 6881 4264 5767 1745 4470 1391 8405 7572 9711 4742 5724 7064 3345 239 2611
470 7153 5156 6020 1934 1476 552 7756 8227 2569 925 6608 8934 5304 8092 7419 3101 8728 8618 5655 4068 2857 2155 1339 4077 6770 3561 610 5661 3276 5433 7363 8939 528 3582 8570 2752 1912 455 3981 8990 3173 648 7893 9807 9440 8386 4855 3012
471 7732 9160 3077 4967 7355 4801 2673 8908 712 176 6001 9470 9476 9795 4893 9742 9551 5192 3362 6961 3186 4431 6334 3965 8733 5474 842 9385 1779 9368 2463 2278 1408 8878 9463 609 5869
472 8387 4985 1134 7762 2943 8345 1868 8284 3752 7845 6875 4437 6945 802 7641 133 7038 8135 9027 2806 8221 286 8582 6130 8919 6623 1831 7278 8179 7904 2465 2305 517 8556 8810 2239 3539 9921 8445 2643
473 3830 3543 4765 3792 4728 3905 1117 8227 8386 3795 2171 8756 1611 3700 2480 3537 8268 709 1150 4878 4249 5713 1079 7085 7733 1297 9795 9608 4299 5295 3122 7632 4238 2125 4192 2907 5040 4095
474 7699 6054 5762 8470 1383 3586 3753 1121 4786 1710 7055 574 4071 991 1246 6178 8987 8663 188 2412 5548 2693 3164 6413 9600 5636 6961 9380 6495 2462 9431 8078 7177 6343 4985 295 1256 1439 944 652 5795 2729 7133 7556 8784 6324 2965 3819 9836 6390 3074 8491
475 3936 9545 4326 7736 4377 5307 1429 2773 6369 9955 925 6652 2085 496 1858 8188 3720 1358 9666 1145 3684 3164 2966 1227 9290 7391 6323 2607 7169 3670 2071 2867 4444 9936 5696 345 7183 5042 731 6062 5085 3783 7013
476 5219 6030 7732 1752 9138 776 991 4962 7266 3432 7029 2858 3380 5270 1607 7919 5921 2485 5572 8987 545 6250 1560 3837 9640 6817 6332 4658 7683 5132 1562 8176 6867 3969 9697 7521 1658 6022 4844 4264 1246 7057 5816 3368 3047 3991 1924 155 6537 6778 1343 745
477 3830 9007 9930 753 9483 139 1256 2058 8092 2589 1560 6424 4561 8844 3827 8195 3837 6731 1798 5942 438 7077 9666 5661 1181 5768 5605 7069 5294 2877 8800 1757 3545 2842 5724 9789 3048 9681 5286 1457 6913 782 745 9270 7852 412 9224
478 6327 352 8711 7713 4531 7852 8345 2058 8685 5748 7434 4907 4870 279 7023 9036 4068 3981 9608 4402 7037 6464 4431 1535 7221 7893 2433 102 9187 4805 8939 2483 4627 6112 1406 9711 8585 3345 5715 8994 2327 5677 369 3753 5962 3521 9301
479 205 9265 3964 9669 200 6467 2304 1790 6060 712 5163 7068 4923 5349 6699 269 3128 6880 3704 7459 585 9036 950 9989 7598 9055 3540 2732 9431 9800 3932 790 3416 6530 7991 9656 5124 3249 3255 2422 2555 427 8125 9533 4855
480 3012 8005 4314 2892 5446 8105 369 6611 4531 921 5504 3958 4507 1542 8259 5433 2028 6748 4308 374 1157 752 675 5605 3675 1686 1552 9521 3164 7077 133 4249 3932 6198 6486 8710 883 9593 880 7541 9997 7082 8810 6978 813 4901 8387 7880 6547
482 8005 9199 1625 4340 1668 2704 3251 3509 3703 8386 2183 6428 3537 5446 5871 6566 6099 1515 246 9800 7688 9684 3226 6671 6491 1248 7335 3383 6343 5477 8729 5185 7361 3837 5288 4313 22 9470 7373 9089 340 964 6997 5670 2900 9791
483 2 3758 79 1343 4561 1348 7629 4457 1195 545 8601 8053 4091 1512 4402 7199 9169 7984 9470 3234 7126 8874 660 4463 5443 3723 3665 4966 2653 6587 8573 6512 6381 2791 6915 6691 6168 5546 8696
484 1984 2340 838 7517 6141 952 7519 3427 3981 6280 7987 2458 802 5784 3883 9518 2171 2818 6909 6214 2595 3320 2123 4760 3814 1247 3520 5885 8352 3781 1439 1987 1393 9589 6610 7829 3474 3254 9829 5514 1782 358 9176 7949 2555
485 5962 7699 2288 9199 7133 3783 4129 9834 6280 2870 4870 6621 188 5194 3243 8169 3537 8233 3706 1628 8900 108 6610 9666 2318 4886 742 6144 5674 3653 5860 4043 3753 6883 3240 1391 8891 2543 2171 861 7780 4815 8254 2321 1826 9602 5609 7178 3074 5437 7949
487 9842 3521 8406 352 4909 8663 3377 732 7806 1557 6020 9129 8209 5097 4679 8183 5783 4752 6630 4071 912 3146 3835 583 7932 9496 1833 8218 8912 7336 6770 5656 8702 8863 9903 4414 1510 4705 3393 5492 1710 9160 989 752 7183 6408 6812 3243 9722 8885 3553 2750 1646 2790 7736 9043 3602
488 5880 7880 2327 3543 1429 2121 3043 1739 4091 135 2668 8428 2263 177 468 376 3343 8896 3383 2156 2198 4232 7811 9055 9091 5655 3408 207 7054 8451 2794 2917 8931 463 956 8681 136 1164 9883 2797 6973 8614 3936
489 8043 1343 876 5072 9349 7742 4437 3700 3835 1554 2662 6731 5219 1562 6011 9640 5349 6909 6762 9290 3505 8831 4004 7904 2598 2265 3268 1728 2866 4324 9837 5609 7452 4372 1846 9719 7500 9652 2542 1619 1429 5772 8134 3728 7296
492 9160 1353 4180 6014 719 4728 7569 3665 6772 7213 8531 7653 5925 8257 90 3079 9273 3942 7740 2774 9649 4431 1365 3463 8307 5384 1878 6201 174 9392 7167 6258 3044 5623 3727 9800 1800 7688 5257 5933 6083 5813 1524 9139
493 6613 321 1496 205 7055 4664 9931 3240 8794 5656 6161 5784 6049 3504 6955 1542 5981 4965 8484 1328 9892 1329 4749 1555 3064 9518 3007 6538 9638 4442 13 9233 1860 5389 4788 8571 5482 3703 6984 8780 7744 8598 1176 6999 8888 1773 6326 3012
494 6986 8495 4170 3363 374 1763 761 8140 250 3932 6216 912 1542 5992 9652 6499 4691 5053 1933 4007 9192 1535 7647 174 2014 2424 1749 8894 3723 9901 1223 3505 792 6387 524 7807 8480 4057 7769 6555 9299 8722
496 7762 6534 4664 7968 4985 7902 7992 650 2013 7751 574 1083 9354 3032 3961 9086 3869 7755 2458 774 8881 2791 6331 2158 9829 8363 2123 3672 1841 2842 2393 4695 3533 1937 9582 6427 2423 4730 8373 7606 4635 299 6750
498 7874 5784 876 5767 5270 2856 2109 5471 7599 8713 8167 5942 1510 2932 1071 5768 670 8531 9478 2002 211 110 1606 2146 796 9586 2143 6083 1585 8612 6196 6365 6677 521 485 5567 2292 9050 183 3584
499 935 8431 8495 2533 2685 3981 6980 8183 5885 3073 8068 6280 1852 6772 5090 1916 9775 9988 1465 7856 2125 9742 7425 3916 1686 7116 7975 5772 2278 4755 3804 4347 7998 1133 6073 7399 3470 8312
