100
0 0 1 2 3 4 5 69 6 7 8 9 1033 10 11 12 5132 13 14 15 1039 16 5136 17 18 19 20 1045 21 22 23 24 26 27 28 29 3101 30 31 7585 1122 35
1 1290 1495 155 32 1057 33 34 36 37 38 39 40 41 1066 43 44 6188 45 46 47 48 49 50 7218 51 53 54 4151 56 57 58 62
2 64 65 3137 66 68 70 71 72 74 75 77 79 80 82 1106 1107 83 84 87 89 1114 91 92 94 95 2591 96 97 98 7266 7267 99 867 102 1128 60 3774 63
3 129 131 132 137 138 139 1163 140 141 145 1172 149 151 2201 156 158 161 162 3106 163 100 164 101 1126 103 105 107 1195 110 111 112 114 5235 117 118 120 122 2172 124 126 127
4 1216 193 6338 2244 197 2247 968 267 2060 205 206 2259 3287 4311 6359 216 6361 218 220 221 225 226 1251 228 232 170 5357 303 240 178 179 180 8438 6327 1207 184 188 252 4287
5 258 261 325 9478 264 2315 268 1294 270 272 1298 9491 278 7448 282 1307 3357 1311 1317 293 869 297 239 1265 242 307 244 250 4346 1278
6 320 324 327 7497 393 1354 1290 9547 3403 333 1358 8528 4437 348 1310 5472 3425 355 485 360 4456 6504 2346 7530 1386 371 308 9589 6518 1336 378 1404 317 381 318
7 1472 7553 6531 452 455 1671 1416 7624 397 461 399 400 465 1494 407 472 5530 1434 475 476 477 6558 417 1442 484 423 487 424 5547 4524 431 3506 435 6589 3198
8 3649 515 9733 1542 138 1611 6668 524 2700 590 8783 1553 3666 594 9365 7702 1558 7703 1562 5659 540 543 546 1571 1573 4645 6630 3818 1516 557 497 1522 7732 502 6711 2615 506 3706 5627 510
9 704 2689 705 1733 646 652 3725 909 2703 1680 656 721 658 2643 723 596 7828 597 3797 5847 600 666 604 1756 606 2724 1263 693 2741 7798 4730 7866 636 637 639 703
10 769 770 8962 69 776 8 3854 848 1875 788 3862 2838 6874 6938 794 5921 1765 2857 3883 5931 2796 2860 3244 751 752 3824 816 817 3826 1842 4915 756 1845 2878
11 0 898 5 1737 973 2959 7056 7059 980 2968 921 922 27 8028 1948 8156 2848 1953 866 6114 5028 6116 1003 2028 4976 1008 1010 1971 9141 950 952 120 5050 3002
12 1 2 3 4 6 7 968 9 1033 10 11 12 13 14 15 16 17 1041 18 19 1043 20 1044 21 22 23 24 2264 25 8217 26 28 29 1054 30 35 37 3774 63
13 31 32 2848 33 1057 34 36 38 39 40 41 42 1067 43 44 45 5101 46 47 48 49 50 51 2099 52 53 54 121 62
14 65 66 1090 67 68 70 71 75 76 77 79 2127 80 81 82 84 85 86 87 88 9307 92 94 3102 97 56 58 1083 59 60 61 1086 126
15 128 1153 129 131 708 133 1159 139 1171 7389 158 95 99 101 102 103 105 7274 106 107 1132 109 111 5231 112 113 2163 115 116 1140 1141 119 184 123 124 127
16 192 195 136 1165 142 143 144 150 154 156 4317 1502 161 163 167 169 170 172 174 175 5297 177 178 179 183 186 187 252 190 191
17 2241 4295 202 204 268 205 206 1233 212 217 221 1246 223 225 226 1253 7399 4329 234 235 9454 239 246 1271 247 250 251
18 256 257 258 323 260 261 262 1350 328 329 2380 2319 1360 6482 275 6483 3353 285 289 355 293 1319 295 5417 299 1326 303 1330 307 7478 311 315 126 319
19 385 1410 1411 388 389 390 392 395 1423 2447 336 402 1363 403 342 6486 344 347 348 9628 3422 1377 357 358 1382 361 426 365 366 1263 371 1077 376 377 378 442 2427
20 451 7619 1540 1541 583 1544 138 3597 1549 653 465 529 3603 4564 3540 471 1498 540 9759 416 417 421 5541 422 2534 5543 6568 9640 553 5546 8682 556 561 562 1529 1530 6652 2556
21 6720 580 644 1608 585 1290 2702 2640 9872 600 601 155 1641 618 685 687 4720 689 2741 631 1655 570 698 9788 2622 2750 575
22 2880 706 5892 836 773 1799 3911 2760 840 778 1739 2893 909 1808 1810 404 1749 2907 1757 741 805 5925 745 2857 2794 3825 754 819 2808 1848 4859 1788 703
23 1921 1025 69 1990 1927 903 7111 7 8 968 1996 7123 916 917 983 6104 3929 2012 9183 928 932 2020 7013 997 869 934 4968 2985 1003 1004 6061 878 1971 6068 2036 1914 3066 3070
24 0 1 2 3 4 5 6 9 10 11 12 13 14 15 2383 16 17 18 19 20 21 22 23 1048 24 25 1049 26 27 1051 28 1053 38 57 2046
25 900 3849 29 31 32 33 34 36 39 40 7208 41 42 43 2091 44 1068 45 46 47 49 50 51 52 53 2101 54
26 64 65 66 2114 67 68 70 71 73 74 75 80 81 3154 83 84 85 86 87 88 90 1114 92 93 95 107 4150 55 56 58 59 60 61 63
27 128 130 131 132 134 145 94 96 97 98 99 1124 164 356 101 102 103 104 106 108 1133 109 110 111 112 113 116 1140 119 122 125 2173
28 193 136 137 140 141 1165 143 2191 2194 211 151 1177 1179 156 2207 160 161 163 7461 170 172 1198 174 177 178 181 182 183 185 186 187 189
29 1216 195 200 2250 203 4300 2252 209 5330 212 217 222 224 225 229 231 240 4337 242 243 244 2295 247 248 120 1276 1597 1278 191 255
30 256 2368 259 1347 389 262 1286 327 331 6412 2444 336 273 339 276 2388 277 341 3414 279 8535 284 287 1312 289 3489 2338 2339 301 304 306 307 313 316 318 126
31 391 4498 3476 2453 405 407 3543 2521 476 1438 414 353 417 2659 421 2407 9639 362 3244 429 366 686 367 4529 1394 1458 434 373 439 8568 378 444 252 1405
32 512 520 528 1490 467 532 2519 7832 537 543 3615 1504 480 481 3618 550 489 2603 6636 558 1263 9776 497 561 5620 502 6647 2551 5564 510 574
33 576 9793 1603 1732 1606 646 5704 584 2060 594 8787 1620 602 603 9883 3679 1698 675 678 3751 873 2731 3692 1644 689 562 9907 630 698 7866 636 702
34 706 834 1861 1734 838 2825 4810 842 6924 4876 845 720 1808 784 915 468 1880 2843 1756 796 799 802 1763 1828 746 2858 812 4845 1776 753 817 821 8952 2810 2874
35 898 708 1925 902 1990 6086 905 906 4171 911 7057 852 921 922 5022 3937 930 1962 876 885 1909 886 1974 888 1977 894 895
36 0 9153 1 2 3 4 5 1029 9158 6 967 7 8 1032 1993 9 10 11 13 19 3030 5526 2011 8156 2014 994 997 2153 1014 3068 7166
37 1035 12 9229 14 15 16 17 18 20 21 1045 22 23 24 25 26 27 28 30 32 34 35 36 4132 37 38 40 41 42 554 43 44 2092 45 47 54 120
38 65 2114 67 69 2117 70 71 4167 1096 72 2121 7241 74 75 1099 76 9294 78 6223 79 1171 859 107 48 49 50 52 53 55 56 4153 121 58 59 5180 60 61 62
39 128 129 131 7299 1156 134 135 3151 3215 80 82 83 84 88 89 90 91 92 797 96 7266 99 100 103 105 106 110 112 114 115 1141 1144 184 7291 124 1150
40 192 1218 194 3267 199 1224 137 202 1227 6348 145 146 211 149 150 4247 152 1177 154 156 158 161 163 1187 165 166 167 168 1256 169 2282 3243 175 1209 2235 189 191
41 263 264 7433 6409 266 138 1294 3342 271 208 4307 1299 1300 213 277 216 218 225 228 230 235 241 1266 243 246 1270 247 9465 250 251 254
42 6467 9542 328 334 1358 9551 335 339 341 278 4374 342 2328 1304 1368 3097 283 3483 348 353 1378 1317 295 360 297 362 366 313 3390 318 2430 4478
43 1408 385 9666 5570 389 2437 1478 6599 1737 394 395 397 399 8591 401 402 405 416 1444 420 428 4525 369 436 373 437 374 438 3511 444 2429 126
44 512 515 516 517 1671 458 3594 1546 460 524 530 8660 1492 1556 1558 534 4630 536 3097 476 1566 7710 543 2592 481 4577 3624 2538 5610 494 559 496 6642 1591 2552 9722 507 508 510
45 2625 578 579 644 581 2693 645 2636 5773 909 3667 662 599 2648 3739 609 1637 679 681 4716 558 8752 3696 625 1650 2739 564 565 566 184 635 572
46 4865 199 777 1738 2769 6868 793 2715 795 5853 798 1695 674 3810 677 4838 1836 7981 1774 688 8950 1782 822 759 697 1785 8890 5882 6845 2814
47 3972 838 2887 583 1864 1865 1866 6029 7056 914 5971 1878 7064 6043 2908 860 3935 927 2976 865 6051 4968 5034 5997 879 945 2932 7030 886 1847 890 1851 3964 252 3965 5951
48 0 1 6082 2 3 1027 4 5 1029 6 7 8 9 1737 10 1034 11 1996 12 13 14 15 7120 16 17 978 18 19 20 1044 21 984 2848 867 6121 3497 1974 952 5048 1983
49 708 709 1045 22 2070 23 24 25 26 27 155 1052 28 9246 30 31 32 33 35 36 37 39 40 4136 41 42 43 44 45 46 48 49 2097 50 54 57 63
50 66 6210 68 1094 70 71 1096 72 5193 73 3849 75 77 80 82 1108 84 85 87 88 89 90 1117 1122 2147 55 56 1080 58 59 5180 60 61
51 128 3200 1155 131 2180 7048 4247 91 94 4191 95 97 1121 99 100 101 102 2151 105 106 107 1133 111 113 114 2163 118 119 122 125 127 1151
52 129 193 8386 133 137 138 140 144 1168 146 147 148 149 150 152 1177 154 158 3230 161 163 164 166 168 169 170 172 173 174 181 185 4282 187 1212 1214 191
53 257 258 69 198 262 8454 1286 1225 201 202 1228 205 206 208 5329 5330 1238 215 4319 230 232 233 237 244 1269 3317 246 249 2298 7421 254
54 2368 323 324 1412 327 1351 3975 2377 266 267 332 1293 3405 1358 272 336 275 339 280 345 9562 410 1308 3358 549 5926 296 297 1323 301 9521 308 310 312 315 1404 317
55 448 449 4553 7564 396 397 3471 399 6611 406 407 408 2456 6555 3488 1954 420 422 7591 496 369 433 3505 1458 434 438 376 379 5502
56 514 1475 518 519 1481 585 458 2506 3535 4688 465 3604 533 471 1495 473 542 9698 2659 867 1508 1638 2600 1514 491 500 3573 4662 3575 1528 505 506 4605
57 640 642 7748 9798 3718 647 652 590 1616 592 597 7833 673 5921 1698 676 681 618 619 4654 622 623 6767 3632 624 2930 1589 629 630 3706
58 832 3777 706 5826 1797 712 778 716 1741 847 784 849 4889 1817 1754 2843 733 1886 3808 805 1702 1958 9000 1771 750 751 1263 688 1713 1783 4919 4984 697 2810 701 1726 1855
59 962 1986 2 4098 967 5001 969 138 907 1996 1936 1940 920 923 3996 7069 989 931 2979 2019 4067 934 998 1897 937 7081 1005 1966 1006 943 882 883 6074 3003 9147 4347 6013 1919
60 0 1 3 4 5 6 7 1671 8 9 10 11 12 13 1037 14 15 16 17 18 1042 6163 19 20 21 725 22 23 24 25 1049 26 27 28 29 30 1502 31 37 62
61 138 148 32 33 34 35 36 39 40 41 4138 42 43 6188 44 45 46 47 1071 48 49 8241 50 51 52 53 1078 54 56 63
62 64 65 66 67 68 70 71 73 75 76 77 78 79 81 3153 82 83 84 85 86 87 3160 1114 90 155 92 95 5286 57 58 59 60 7231 1087
63 6402 135 93 94 97 4193 867 100 101 102 1127 103 104 105 1130 3179 3180 109 112 113 114 115 1139 1140 116 117 118 184 123 124 127
64 129 130 132 133 197 134 199 136 9355 140 8332 141 142 144 9360 404 3221 151 156 161 869 168 170 173 7342 174 1199 177 1202 179 180 181 183
65 195 900 1221 201 1227 203 204 1228 207 208 3281 1233 2258 212 6356 6357 217 2265 3097 219 3293 222 223 224 1888 227 1251 228 356 229 5350 233 1258 235 236 237 240 243 185 188 191 1215
66 256 259 260 264 4363 2060 271 272 273 1298 8466 276 1300 279 3992 284 287 2336 289 294 1319 299 2348 301 302 241 1267 244 245 246 5432 249 251 254
67 320 323 324 708 1352 330 2378 138 331 4430 4431 3411 7509 1366 342 5463 343 347 6491 1373 2398 1374 354 1389 305 307 1395 308 1333 313 5435 4412 317
68 449 453 392 6600 2120 5582 463 464 402 403 7636 405 2517 473 1439 1442 419 2533 426 1455 5551 1456 1393 433 372 437 1463 377 441 1466 1467 1407 447
69 512 513 514 899 2629 582 3591 1608 1549 2637 653 528 530 3603 5652 533 2582 599 2648 6745 8795 604 8733 867 612 1638 487 3560 3561 1577 1514 9710 495 4594 499 564 501 3574 1593 509 1599
70 896 705 645 1734 647 712 5832 776 651 715 720 658 661 7831 1687 1688 5848 3740 2076 2657 9890 5797 1703 6760 680 617 618 4716 7792 693 631 5817 635
71 840 6024 8 714 842 1866 1803 844 3981 913 851 6165 1943 8025 730 2843 1883 4959 2784 3811 806 809 3884 1837 1005 1776 5872 6896 6961 755 2933 888 766 2942
72 0 7105 1 2 3 964 4 5 69 6 7 1671 1992 969 9 4105 10 3082 11 12 13 14 15 924 5022 5150 7074 932 3045 943 7156 1974 1014
73 708 1038 16 17 18 2066 4115 19 20 2068 21 22 23 5144 24 25 26 27 28 29 30 31 2080 32 33 34 35 36 37 38 1062 39 1065 41 176 120
74 64 2114 66 67 708 70 102 40 42 1067 43 44 45 1069 46 47 2096 48 49 50 1075 53 55 56 57 58 59 60 61
75 583 73 74 1101 78 79 80 81 82 83 3155 86 87 88 90 91 93 96 97 99 101 2151 3176 104 105 1129 5225 106 107 108 110 111 2170
76 128 1152 2177 1154 135 199 136 137 139 140 141 142 143 5270 151 152 154 156 3230 2206 4255 160 224 161 162 164 6310 9382 167 6887 168 171 173 303 113 114 5237 118 184 121 4218 122 123 126
77 9409 1218 8389 202 207 1232 210 211 213 4309 214 5340 225 3298 233 234 9391 5359 2288 240 177 178 179 180 4340 181 309 183 185 1210 252 7548 191
78 7429 1349 263 329 330 138 267 331 1292 268 332 333 273 1297 2321 7445 280 281 1307 284 1309 299 1326 241 1329 247 7479 9465 313 250 315 1341 318
79 326 392 1418 4494 3470 335 399 337 4498 3475 403 3416 2393 6489 6490 9569 2401 355 5540 6502 358 359 426 8558 366 6510 2415 368 3504 376 2425 2492 382
80 448 2818 1475 4547 708 454 455 519 456 3529 457 7627 459 7637 471 472 2520 1499 3562 2476 7663 495 496 624 499 436 500 3573 3574 503 2552 447
81 2624 5697 581 582 5895 2570 522 9804 2639 4687 528 531 536 6681 2650 604 605 547 550 2662 1646 3694 3698 628 629 1654 8823 4731 3644 126
82 5760 2752 641 5761 646 8843 1739 6799 720 1809 1747 1687 665 3740 2782 673 675 739 742 7848 1384 1711 1779 693 8886 695 1658 6843 636 702
83 3906 771 836 837 1804 9998 1806 1871 2832 785 1810 850 914 3863 857 8992 3938 1828 868 9061 1902 6959 1843 820 885 6006 1910 887 1912 761 4858 1787 828 252 1981 7934
84 0 1 9154 6082 4034 2 3 3012 4 2052 901 8 906 971 1996 1934 1936 917 9175 3097 923 2011 27 859 3038 2982 1000 942 1015 888 1017
85 5 6 7 9 10 1290 11 1035 12 6156 7180 1037 13 14 15 16 17 18 19 20 21 22 23 24 25 26 155 29 30 32 1056 33 34 36 37 38 9517
86 64 65 66 67 3140 69 70 71 583 72 74 39 40 41 42 43 1068 3244 45 46 2094 47 48 1073 51 52 9268 53 54 55 56 57 60 61 62 63
87 73 75 76 77 79 80 81 82 83 84 1108 6229 5205 85 2135 89 90 91 92 3164 93 5215 98 100 103 1128 2152 2153 108 236 8309
88 129 193 132 133 134 135 136 139 140 9359 2195 150 151 1177 156 157 158 3231 1183 159 161 162 356 166 1190 168 170 2218 171 110 111 1263 112 114 6258 116 117 118 121 124 127
89 194 200 1228 206 9424 209 210 213 2261 2262 215 216 219 225 869 231 234 1259 237 174 238 240 1202 243 180 181 3317 309 183 187 188 4286 1215
90 5376 2306 708 261 9478 262 1288 2313 265 2315 1296 6419 275 6423 281 1434 286 3358 1313 5415 2343 296 241 371 244 246 248 2297 251 254 255
91 8512 320 1408 2433 3395 324 325 327 328 1353 332 336 1360 341 342 2264 347 2398 1375 4448 7712 9571 357 358 1510 1323 299 3756 301 302 5423 306 1333 313 314
92 388 7559 1416 1420 397 9613 653 399 402 1427 1428 405 408 409 1436 412 414 1502 1310 415 1443 7589 2406 425 2473 364 428 435 5492 1397 373 8629 377 379
93 1473 515 452 1478 5578 2507 1483 461 463 4560 465 3541 472 475 477 1502 1503 7651 1509 679 488 490 495 496 176 3507 502 505 446 6655
94 3849 1677 591 1552 592 3601 657 1876 533 4630 600 664 1566 8735 5727 1571 6820 3748 613 551 1704 3753 4977 2611 7797 7862 631 568 5689 633 1721 1598
95 1732 772 778 785 724 1173 790 2775 730 1758 798 1310 5855 800 803 740 1828 805 6949 4838 806 810 2859 750 689 6961 7986 755 3828 760 9017 1852 3775
96 2048 4929 898 962 2 899 1988 3016 4040 8 8009 1993 1866 1931 6092 846 6094 6035 982 856 2904 3032 3038 863 1889 869 1894 874 2029 5038 6126 1967 946 1912 8184 826 890 1019 1021 126 1855
97 0 1 4097 3 4 5 6 7 2055 9 10 1034 11 12 13 14 15 16 17 18 19 20 21 1045 5141 22 1046 23 24 25 26 27 28 29 30 2208 2153
98 138 1502 31 1055 32 33 34 35 36 37 38 39 7207 40 42 43 1068 44 45 46 47 48 49 50 51 52 53 8245 54 55 62
99 64 5185 66 70 71 73 76 77 78 79 1103 80 1104 81 83 84 86 87 88 92 94 8095 96 97 9317 107 3182 56 1080 57 1081 7225 121 59 60 61 63 1087
